2009-07-16 13:35:39 (MSD)	2 Warning	imagejpeg() [<a href='function.imagejpeg'>function.imagejpeg</a>]: Unable to open 'Z:/home/tid/www/user_img/izdat/_thumbs/_р°5-2.jpg' for writing: No such file or directory	File: fns_tinybrowser.php	Line: 113	
2009-07-29 16:19:19 (MSD)	2 Warning	imagejpeg() [<a href='function.imagejpeg'>function.imagejpeg</a>]: Unable to open 'Z:/home/kat/www/user_img/horse_tour/_thumbs/_87.jpg' for writing: No such file or directory	File: fns_tinybrowser.php	Line: 113	
2009-07-29 16:19:19 (MSD)	2 Warning	imagejpeg() [<a href='function.imagejpeg'>function.imagejpeg</a>]: Unable to open 'Z:/home/kat/www/user_img/horse_tour/_thumbs/_f2.jpg' for writing: No such file or directory	File: fns_tinybrowser.php	Line: 113	
2009-12-17 23:21:12 (Уральское время (зима))	2 Warning	mkdir(z:/home/sweet15w.ru/wwwz:): Invalid argument	File: fns_tinybrowser.php	Line: 5	
2009-12-17 23:21:12 (Уральское время (зима))	2 Warning	mkdir(z:/home/sweet15w.ru/wwwz:/home): Invalid argument	File: fns_tinybrowser.php	Line: 5	
2009-12-17 23:21:12 (Уральское время (зима))	2 Warning	mkdir(z:/home/sweet15w.ru/wwwz:/home/sweet15w.ru): Invalid argument	File: fns_tinybrowser.php	Line: 5	
2009-12-17 23:21:12 (Уральское время (зима))	2 Warning	mkdir(z:/home/sweet15w.ru/wwwz:/home/sweet15w.ru/www): Invalid argument	File: fns_tinybrowser.php	Line: 5	
2009-12-17 23:21:12 (Уральское время (зима))	2 Warning	mkdir(z:/home/sweet15w.ru/wwwz:/home/sweet15w.ru/www/ss): Invalid argument	File: fns_tinybrowser.php	Line: 5	
2009-12-17 23:21:12 (Уральское время (зима))	2 Warning	mkdir(z:/home/sweet15w.ru/wwwz:/home/sweet15w.ru/www/ss/userfiles/): Invalid argument	File: fns_tinybrowser.php	Line: 5	
2009-12-17 23:21:12 (Уральское время (зима))	2 Warning	opendir(z:/home/sweet15w.ru/wwwz:/home/sweet15w.ru/www/ss/userfiles/): failed to open dir: Invalid argument	File: fns_tinybrowser.php	Line: 363	
2009-12-17 23:21:12 (Уральское время (зима))	2 Warning	readdir(): supplied argument is not a valid Directory resource	File: fns_tinybrowser.php	Line: 364	
2009-12-17 23:21:12 (Уральское время (зима))	2 Warning	closedir(): supplied argument is not a valid Directory resource	File: fns_tinybrowser.php	Line: 380	
2009-12-17 23:21:17 (Уральское время (зима))	2 Warning	opendir(z:/home/sweet15w.ru/wwwz:/home/sweet15w.ru/www/ss/userfiles/): failed to open dir: Invalid argument	File: fns_tinybrowser.php	Line: 363	
2009-12-17 23:21:17 (Уральское время (зима))	2 Warning	readdir(): supplied argument is not a valid Directory resource	File: fns_tinybrowser.php	Line: 364	
2009-12-17 23:21:17 (Уральское время (зима))	2 Warning	closedir(): supplied argument is not a valid Directory resource	File: fns_tinybrowser.php	Line: 380	
2009-12-17 23:21:19 (Уральское время (зима))	2 Warning	mkdir(z:/home/sweet15w.ru/wwwz:): Invalid argument	File: fns_tinybrowser.php	Line: 5	
2009-12-17 23:21:19 (Уральское время (зима))	2 Warning	mkdir(z:/home/sweet15w.ru/wwwz:/home): Invalid argument	File: fns_tinybrowser.php	Line: 5	
2009-12-17 23:21:19 (Уральское время (зима))	2 Warning	mkdir(z:/home/sweet15w.ru/wwwz:/home/sweet15w.ru): Invalid argument	File: fns_tinybrowser.php	Line: 5	
2009-12-17 23:21:19 (Уральское время (зима))	2 Warning	mkdir(z:/home/sweet15w.ru/wwwz:/home/sweet15w.ru/www): Invalid argument	File: fns_tinybrowser.php	Line: 5	
2009-12-17 23:21:19 (Уральское время (зима))	2 Warning	mkdir(z:/home/sweet15w.ru/wwwz:/home/sweet15w.ru/www/ss): Invalid argument	File: fns_tinybrowser.php	Line: 5	
2009-12-17 23:21:19 (Уральское время (зима))	2 Warning	mkdir(z:/home/sweet15w.ru/wwwz:/home/sweet15w.ru/www/ss/userfiles/): Invalid argument	File: fns_tinybrowser.php	Line: 5	
2009-12-17 23:21:19 (Уральское время (зима))	2 Warning	opendir(z:/home/sweet15w.ru/wwwz:/home/sweet15w.ru/www/ss/userfiles/): failed to open dir: Invalid argument	File: fns_tinybrowser.php	Line: 363	
2009-12-17 23:21:19 (Уральское время (зима))	2 Warning	readdir(): supplied argument is not a valid Directory resource	File: fns_tinybrowser.php	Line: 364	
2009-12-17 23:21:19 (Уральское время (зима))	2 Warning	closedir(): supplied argument is not a valid Directory resource	File: fns_tinybrowser.php	Line: 380	
2011-12-05 12:03:26 (MSK)	8 Notice	Undefined offset:  1	File: fns_tinybrowser.php	Line: 244	
2011-12-05 12:03:26 (MSK)	8 Notice	Undefined offset:  0	File: fns_tinybrowser.php	Line: 340	
2011-12-05 12:04:51 (MSK)	8 Notice	Undefined offset:  1	File: fns_tinybrowser.php	Line: 244	
2011-12-05 12:04:51 (MSK)	8 Notice	Undefined offset:  0	File: fns_tinybrowser.php	Line: 340	
2011-12-05 12:05:16 (MSK)	8 Notice	Undefined offset:  1	File: fns_tinybrowser.php	Line: 244	
2011-12-05 12:05:16 (MSK)	8 Notice	Undefined offset:  0	File: fns_tinybrowser.php	Line: 340	
2011-12-05 12:07:59 (MSK)	8 Notice	Undefined offset:  1	File: fns_tinybrowser.php	Line: 244	
2011-12-05 12:07:59 (MSK)	8 Notice	Undefined offset:  0	File: fns_tinybrowser.php	Line: 340	
2011-12-05 12:11:51 (MSK)	8 Notice	Undefined offset:  1	File: fns_tinybrowser.php	Line: 244	
2011-12-05 12:11:51 (MSK)	8 Notice	Undefined offset:  0	File: fns_tinybrowser.php	Line: 340	
2011-12-05 12:15:02 (MSK)	8 Notice	Undefined offset:  1	File: fns_tinybrowser.php	Line: 244	
2011-12-05 12:15:02 (MSK)	8 Notice	Undefined offset:  0	File: fns_tinybrowser.php	Line: 340	
2011-12-05 12:21:52 (MSK)	8 Notice	Undefined offset:  1	File: fns_tinybrowser.php	Line: 244	
2011-12-05 12:21:52 (MSK)	8 Notice	Undefined offset:  0	File: fns_tinybrowser.php	Line: 340	
2011-12-05 12:22:36 (MSK)	8 Notice	Undefined offset:  1	File: fns_tinybrowser.php	Line: 244	
2011-12-05 12:22:36 (MSK)	8 Notice	Undefined offset:  0	File: fns_tinybrowser.php	Line: 340	
2012-01-24 08:26:21 (MSK)	8 Notice	Undefined offset:  1	File: fns_tinybrowser.php	Line: 244	
2012-01-24 08:26:21 (MSK)	8 Notice	Undefined offset:  0	File: fns_tinybrowser.php	Line: 340	
2012-01-24 08:26:51 (MSK)	8 Notice	Undefined offset:  1	File: fns_tinybrowser.php	Line: 244	
2012-01-24 08:26:51 (MSK)	8 Notice	Undefined offset:  0	File: fns_tinybrowser.php	Line: 340	
2012-01-24 08:27:04 (MSK)	8 Notice	Undefined offset:  1	File: fns_tinybrowser.php	Line: 244	
2012-01-24 08:27:04 (MSK)	8 Notice	Undefined offset:  0	File: fns_tinybrowser.php	Line: 340	
2012-01-24 08:27:04 (MSK)	8 Notice	Undefined offset:  1	File: fns_tinybrowser.php	Line: 244	
2012-01-24 08:27:04 (MSK)	8 Notice	Undefined offset:  0	File: fns_tinybrowser.php	Line: 340	
2012-01-24 08:27:06 (MSK)	8 Notice	Undefined offset:  1	File: fns_tinybrowser.php	Line: 244	
2012-01-24 08:27:06 (MSK)	8 Notice	Undefined offset:  0	File: fns_tinybrowser.php	Line: 340	
2012-01-24 08:27:06 (MSK)	8 Notice	Undefined offset:  1	File: fns_tinybrowser.php	Line: 244	
2012-01-24 08:27:06 (MSK)	8 Notice	Undefined offset:  0	File: fns_tinybrowser.php	Line: 340	
2012-01-24 08:30:30 (MSK)	8 Notice	Undefined offset:  1	File: fns_tinybrowser.php	Line: 244	
2012-01-24 08:30:30 (MSK)	8 Notice	Undefined offset:  0	File: fns_tinybrowser.php	Line: 340	
2012-01-24 08:30:30 (MSK)	8 Notice	Undefined offset:  1	File: fns_tinybrowser.php	Line: 244	
2012-01-24 08:30:30 (MSK)	8 Notice	Undefined offset:  0	File: fns_tinybrowser.php	Line: 340	
2012-01-24 08:30:34 (MSK)	8 Notice	Undefined offset:  1	File: fns_tinybrowser.php	Line: 244	
2012-01-24 08:30:34 (MSK)	8 Notice	Undefined offset:  0	File: fns_tinybrowser.php	Line: 340	
2012-01-24 08:30:34 (MSK)	8 Notice	Undefined offset:  1	File: fns_tinybrowser.php	Line: 244	
2012-01-24 08:30:34 (MSK)	8 Notice	Undefined offset:  0	File: fns_tinybrowser.php	Line: 340	
2012-01-24 08:43:19 (MSK)	8 Notice	Undefined offset:  1	File: fns_tinybrowser.php	Line: 244	
2012-01-24 08:43:19 (MSK)	8 Notice	Undefined offset:  0	File: fns_tinybrowser.php	Line: 340	
2012-01-24 08:43:19 (MSK)	8 Notice	Undefined offset:  1	File: fns_tinybrowser.php	Line: 244	
2012-01-24 08:43:19 (MSK)	8 Notice	Undefined offset:  0	File: fns_tinybrowser.php	Line: 340	
2012-01-24 08:43:22 (MSK)	8 Notice	Undefined offset:  1	File: fns_tinybrowser.php	Line: 244	
2012-01-24 08:43:22 (MSK)	8 Notice	Undefined offset:  0	File: fns_tinybrowser.php	Line: 340	
2012-01-24 08:43:22 (MSK)	8 Notice	Undefined offset:  1	File: fns_tinybrowser.php	Line: 244	
2012-01-24 08:43:22 (MSK)	8 Notice	Undefined offset:  0	File: fns_tinybrowser.php	Line: 340	
2012-01-24 08:43:38 (MSK)	8 Notice	Undefined offset:  1	File: fns_tinybrowser.php	Line: 244	
2012-01-24 08:43:38 (MSK)	8 Notice	Undefined offset:  0	File: fns_tinybrowser.php	Line: 340	
2012-01-24 08:43:38 (MSK)	8 Notice	Undefined offset:  1	File: fns_tinybrowser.php	Line: 244	
2012-01-24 08:43:38 (MSK)	8 Notice	Undefined offset:  0	File: fns_tinybrowser.php	Line: 340	
2012-01-24 08:43:41 (MSK)	8 Notice	Undefined offset:  1	File: fns_tinybrowser.php	Line: 244	
2012-01-24 08:43:41 (MSK)	8 Notice	Undefined offset:  0	File: fns_tinybrowser.php	Line: 340	
2012-01-24 08:43:41 (MSK)	8 Notice	Undefined offset:  1	File: fns_tinybrowser.php	Line: 244	
2012-01-24 08:43:41 (MSK)	8 Notice	Undefined offset:  0	File: fns_tinybrowser.php	Line: 340	
2012-01-24 08:46:20 (MSK)	8 Notice	Undefined offset:  1	File: fns_tinybrowser.php	Line: 244	
2012-01-24 08:46:20 (MSK)	8 Notice	Undefined offset:  0	File: fns_tinybrowser.php	Line: 340	
2012-01-24 08:46:20 (MSK)	8 Notice	Undefined offset:  1	File: fns_tinybrowser.php	Line: 244	
2012-01-24 08:46:20 (MSK)	8 Notice	Undefined offset:  0	File: fns_tinybrowser.php	Line: 340	
2012-01-24 08:46:24 (MSK)	8 Notice	Undefined offset:  1	File: fns_tinybrowser.php	Line: 244	
2012-01-24 08:46:24 (MSK)	8 Notice	Undefined offset:  0	File: fns_tinybrowser.php	Line: 340	
2012-01-24 08:46:24 (MSK)	8 Notice	Undefined offset:  1	File: fns_tinybrowser.php	Line: 244	
2012-01-24 08:46:24 (MSK)	8 Notice	Undefined offset:  0	File: fns_tinybrowser.php	Line: 340	
2012-01-24 09:07:38 (MSK)	8 Notice	Undefined offset:  1	File: fns_tinybrowser.php	Line: 244	
2012-01-24 09:07:38 (MSK)	8 Notice	Undefined offset:  0	File: fns_tinybrowser.php	Line: 340	
2012-01-24 09:07:38 (MSK)	8 Notice	Undefined offset:  1	File: fns_tinybrowser.php	Line: 244	
2012-01-24 09:07:38 (MSK)	8 Notice	Undefined offset:  0	File: fns_tinybrowser.php	Line: 340	
2012-01-24 09:07:41 (MSK)	8 Notice	Undefined offset:  1	File: fns_tinybrowser.php	Line: 244	
2012-01-24 09:07:41 (MSK)	8 Notice	Undefined offset:  0	File: fns_tinybrowser.php	Line: 340	
2012-01-24 09:07:41 (MSK)	8 Notice	Undefined offset:  1	File: fns_tinybrowser.php	Line: 244	
2012-01-24 09:07:41 (MSK)	8 Notice	Undefined offset:  0	File: fns_tinybrowser.php	Line: 340	
2012-01-24 09:08:33 (MSK)	8 Notice	Undefined offset:  1	File: fns_tinybrowser.php	Line: 244	
2012-01-24 09:08:33 (MSK)	8 Notice	Undefined offset:  0	File: fns_tinybrowser.php	Line: 340	
2012-01-24 09:08:33 (MSK)	8 Notice	Undefined offset:  1	File: fns_tinybrowser.php	Line: 244	
2012-01-24 09:08:33 (MSK)	8 Notice	Undefined offset:  0	File: fns_tinybrowser.php	Line: 340	
2012-01-24 09:08:35 (MSK)	8 Notice	Undefined offset:  1	File: fns_tinybrowser.php	Line: 244	
2012-01-24 09:08:35 (MSK)	8 Notice	Undefined offset:  0	File: fns_tinybrowser.php	Line: 340	
2012-01-24 09:08:35 (MSK)	8 Notice	Undefined offset:  1	File: fns_tinybrowser.php	Line: 244	
2012-01-24 09:08:35 (MSK)	8 Notice	Undefined offset:  0	File: fns_tinybrowser.php	Line: 340	
2012-01-24 09:10:28 (MSK)	8 Notice	Undefined offset:  1	File: fns_tinybrowser.php	Line: 244	
2012-01-24 09:10:28 (MSK)	8 Notice	Undefined offset:  0	File: fns_tinybrowser.php	Line: 340	
2012-01-24 09:10:28 (MSK)	8 Notice	Undefined offset:  1	File: fns_tinybrowser.php	Line: 244	
2012-01-24 09:10:28 (MSK)	8 Notice	Undefined offset:  0	File: fns_tinybrowser.php	Line: 340	
2012-01-24 09:10:58 (MSK)	8 Notice	Undefined offset:  1	File: fns_tinybrowser.php	Line: 244	
2012-01-24 09:10:58 (MSK)	8 Notice	Undefined offset:  0	File: fns_tinybrowser.php	Line: 340	
2012-01-24 09:11:00 (MSK)	8 Notice	Undefined offset:  1	File: fns_tinybrowser.php	Line: 244	
2012-01-24 09:11:00 (MSK)	8 Notice	Undefined offset:  0	File: fns_tinybrowser.php	Line: 340	
2012-01-24 14:40:43 (MSK)	8 Notice	Undefined offset:  1	File: fns_tinybrowser.php	Line: 244	
2012-01-24 14:40:43 (MSK)	8 Notice	Undefined offset:  0	File: fns_tinybrowser.php	Line: 340	
2012-01-24 14:41:08 (MSK)	8 Notice	Undefined offset:  1	File: fns_tinybrowser.php	Line: 244	
2012-01-24 14:41:08 (MSK)	8 Notice	Undefined offset:  0	File: fns_tinybrowser.php	Line: 340	
2012-01-24 14:41:11 (MSK)	8 Notice	Undefined offset:  1	File: fns_tinybrowser.php	Line: 244	
2012-01-24 14:41:11 (MSK)	8 Notice	Undefined offset:  0	File: fns_tinybrowser.php	Line: 340	
2012-01-24 14:41:11 (MSK)	8 Notice	Undefined offset:  1	File: fns_tinybrowser.php	Line: 244	
2012-01-24 14:41:11 (MSK)	8 Notice	Undefined offset:  0	File: fns_tinybrowser.php	Line: 340	
2012-01-24 14:41:47 (MSK)	8 Notice	Undefined offset:  1	File: fns_tinybrowser.php	Line: 244	
2012-01-24 14:41:47 (MSK)	8 Notice	Undefined offset:  0	File: fns_tinybrowser.php	Line: 340	
2012-01-24 14:41:47 (MSK)	8 Notice	Undefined offset:  1	File: fns_tinybrowser.php	Line: 244	
2012-01-24 14:41:47 (MSK)	8 Notice	Undefined offset:  0	File: fns_tinybrowser.php	Line: 340	
2012-01-24 14:41:50 (MSK)	8 Notice	Undefined offset:  1	File: fns_tinybrowser.php	Line: 244	
2012-01-24 14:41:50 (MSK)	8 Notice	Undefined offset:  0	File: fns_tinybrowser.php	Line: 340	
2012-01-24 14:41:50 (MSK)	8 Notice	Undefined offset:  1	File: fns_tinybrowser.php	Line: 244	
2012-01-24 14:41:50 (MSK)	8 Notice	Undefined offset:  0	File: fns_tinybrowser.php	Line: 340	
2012-01-24 14:42:31 (MSK)	8 Notice	Undefined offset:  1	File: fns_tinybrowser.php	Line: 244	
2012-01-24 14:42:31 (MSK)	8 Notice	Undefined offset:  0	File: fns_tinybrowser.php	Line: 340	
2012-01-24 14:42:31 (MSK)	8 Notice	Undefined offset:  1	File: fns_tinybrowser.php	Line: 244	
2012-01-24 14:42:31 (MSK)	8 Notice	Undefined offset:  0	File: fns_tinybrowser.php	Line: 340	
2012-01-24 14:42:33 (MSK)	8 Notice	Undefined offset:  1	File: fns_tinybrowser.php	Line: 244	
2012-01-24 14:42:33 (MSK)	8 Notice	Undefined offset:  0	File: fns_tinybrowser.php	Line: 340	
2012-01-24 14:42:33 (MSK)	8 Notice	Undefined offset:  1	File: fns_tinybrowser.php	Line: 244	
2012-01-24 14:42:33 (MSK)	8 Notice	Undefined offset:  0	File: fns_tinybrowser.php	Line: 340	
2012-01-24 14:43:19 (MSK)	8 Notice	Undefined offset:  1	File: fns_tinybrowser.php	Line: 244	
2012-01-24 14:43:19 (MSK)	8 Notice	Undefined offset:  0	File: fns_tinybrowser.php	Line: 340	
2012-01-24 14:43:19 (MSK)	8 Notice	Undefined offset:  1	File: fns_tinybrowser.php	Line: 244	
2012-01-24 14:43:19 (MSK)	8 Notice	Undefined offset:  0	File: fns_tinybrowser.php	Line: 340	
2012-01-24 14:43:36 (MSK)	8 Notice	Undefined offset:  1	File: fns_tinybrowser.php	Line: 244	
2012-01-24 14:43:36 (MSK)	8 Notice	Undefined offset:  0	File: fns_tinybrowser.php	Line: 340	
2012-01-24 14:43:36 (MSK)	8 Notice	Undefined offset:  1	File: fns_tinybrowser.php	Line: 244	
2012-01-24 14:43:36 (MSK)	8 Notice	Undefined offset:  0	File: fns_tinybrowser.php	Line: 340	
2012-01-24 14:43:38 (MSK)	8 Notice	Undefined offset:  1	File: fns_tinybrowser.php	Line: 244	
2012-01-24 14:43:38 (MSK)	8 Notice	Undefined offset:  0	File: fns_tinybrowser.php	Line: 340	
2012-01-24 14:43:38 (MSK)	8 Notice	Undefined offset:  1	File: fns_tinybrowser.php	Line: 244	
2012-01-24 14:43:38 (MSK)	8 Notice	Undefined offset:  0	File: fns_tinybrowser.php	Line: 340	
2012-01-24 14:43:38 (MSK)	8 Notice	Undefined offset:  1	File: fns_tinybrowser.php	Line: 244	
2012-01-24 14:43:38 (MSK)	8 Notice	Undefined offset:  0	File: fns_tinybrowser.php	Line: 340	
2012-01-24 14:44:39 (MSK)	8 Notice	Undefined offset:  1	File: fns_tinybrowser.php	Line: 244	
2012-01-24 14:44:39 (MSK)	8 Notice	Undefined offset:  0	File: fns_tinybrowser.php	Line: 340	
2012-01-24 14:44:39 (MSK)	8 Notice	Undefined offset:  1	File: fns_tinybrowser.php	Line: 244	
2012-01-24 14:44:39 (MSK)	8 Notice	Undefined offset:  0	File: fns_tinybrowser.php	Line: 340	
2012-01-24 14:44:39 (MSK)	8 Notice	Undefined offset:  1	File: fns_tinybrowser.php	Line: 244	
2012-01-24 14:44:39 (MSK)	8 Notice	Undefined offset:  0	File: fns_tinybrowser.php	Line: 340	
2012-01-24 14:44:41 (MSK)	8 Notice	Undefined offset:  1	File: fns_tinybrowser.php	Line: 244	
2012-01-24 14:44:41 (MSK)	8 Notice	Undefined offset:  0	File: fns_tinybrowser.php	Line: 340	
2012-01-24 14:44:41 (MSK)	8 Notice	Undefined offset:  1	File: fns_tinybrowser.php	Line: 244	
2012-01-24 14:44:41 (MSK)	8 Notice	Undefined offset:  0	File: fns_tinybrowser.php	Line: 340	
2012-01-24 14:44:41 (MSK)	8 Notice	Undefined offset:  1	File: fns_tinybrowser.php	Line: 244	
2012-01-24 14:44:41 (MSK)	8 Notice	Undefined offset:  0	File: fns_tinybrowser.php	Line: 340	
2012-01-24 14:44:54 (MSK)	8 Notice	Undefined offset:  1	File: fns_tinybrowser.php	Line: 244	
2012-01-24 14:44:54 (MSK)	8 Notice	Undefined offset:  0	File: fns_tinybrowser.php	Line: 340	
2012-01-24 14:45:13 (MSK)	8 Notice	Undefined offset:  1	File: fns_tinybrowser.php	Line: 244	
2012-01-24 14:45:13 (MSK)	8 Notice	Undefined offset:  0	File: fns_tinybrowser.php	Line: 340	
2012-01-24 14:45:16 (MSK)	8 Notice	Undefined offset:  1	File: fns_tinybrowser.php	Line: 244	
2012-01-24 14:45:16 (MSK)	8 Notice	Undefined offset:  0	File: fns_tinybrowser.php	Line: 340	
2012-01-26 12:00:22 (MSK)	8 Notice	Undefined offset:  1	File: fns_tinybrowser.php	Line: 244	
2012-01-26 12:00:22 (MSK)	8 Notice	Undefined offset:  0	File: fns_tinybrowser.php	Line: 340	
2012-01-26 12:01:28 (MSK)	8 Notice	Undefined offset:  1	File: fns_tinybrowser.php	Line: 244	
2012-01-26 12:01:28 (MSK)	8 Notice	Undefined offset:  0	File: fns_tinybrowser.php	Line: 340	
2012-01-26 12:01:30 (MSK)	8 Notice	Undefined offset:  1	File: fns_tinybrowser.php	Line: 244	
2012-01-26 12:01:30 (MSK)	8 Notice	Undefined offset:  0	File: fns_tinybrowser.php	Line: 340	
2012-02-24 14:01:23 (MSK)	8 Notice	Undefined offset:  1	File: fns_tinybrowser.php	Line: 244	
2012-02-24 14:01:23 (MSK)	8 Notice	Undefined offset:  0	File: fns_tinybrowser.php	Line: 340	
2012-03-05 07:08:12 (MSK)	8 Notice	Undefined offset:  1	File: fns_tinybrowser.php	Line: 244	
2012-03-05 07:08:12 (MSK)	8 Notice	Undefined offset:  0	File: fns_tinybrowser.php	Line: 340	
2012-03-05 07:08:59 (MSK)	8 Notice	Undefined offset:  1	File: fns_tinybrowser.php	Line: 244	
2012-03-05 07:08:59 (MSK)	8 Notice	Undefined offset:  0	File: fns_tinybrowser.php	Line: 340	
2012-03-05 07:09:14 (MSK)	8 Notice	Undefined offset:  1	File: fns_tinybrowser.php	Line: 244	
2012-03-05 07:09:14 (MSK)	8 Notice	Undefined offset:  0	File: fns_tinybrowser.php	Line: 340	
2012-03-05 07:09:14 (MSK)	8 Notice	Undefined offset:  1	File: fns_tinybrowser.php	Line: 244	
2012-03-05 07:09:14 (MSK)	8 Notice	Undefined offset:  0	File: fns_tinybrowser.php	Line: 340	
2012-03-05 13:06:57 (MSK)	8 Notice	Undefined offset:  1	File: fns_tinybrowser.php	Line: 244	
2012-03-05 13:06:57 (MSK)	8 Notice	Undefined offset:  0	File: fns_tinybrowser.php	Line: 340	
2012-03-05 13:06:57 (MSK)	8 Notice	Undefined offset:  1	File: fns_tinybrowser.php	Line: 244	
2012-03-05 13:06:57 (MSK)	8 Notice	Undefined offset:  0	File: fns_tinybrowser.php	Line: 340	
2012-03-05 13:07:01 (MSK)	8 Notice	Undefined offset:  1	File: fns_tinybrowser.php	Line: 244	
2012-03-05 13:07:01 (MSK)	8 Notice	Undefined offset:  0	File: fns_tinybrowser.php	Line: 340	
2012-03-05 13:07:01 (MSK)	8 Notice	Undefined offset:  1	File: fns_tinybrowser.php	Line: 244	
2012-03-05 13:07:01 (MSK)	8 Notice	Undefined offset:  0	File: fns_tinybrowser.php	Line: 340	
2012-03-05 13:07:23 (MSK)	8 Notice	Undefined offset:  1	File: fns_tinybrowser.php	Line: 244	
2012-03-05 13:07:23 (MSK)	8 Notice	Undefined offset:  0	File: fns_tinybrowser.php	Line: 340	
2012-03-05 13:07:23 (MSK)	8 Notice	Undefined offset:  1	File: fns_tinybrowser.php	Line: 244	
2012-03-05 13:07:23 (MSK)	8 Notice	Undefined offset:  0	File: fns_tinybrowser.php	Line: 340	
2012-03-05 13:08:43 (MSK)	8 Notice	Undefined offset:  1	File: fns_tinybrowser.php	Line: 244	
2012-03-05 13:08:43 (MSK)	8 Notice	Undefined offset:  0	File: fns_tinybrowser.php	Line: 340	
2012-03-05 13:11:37 (MSK)	8 Notice	Undefined offset:  1	File: fns_tinybrowser.php	Line: 244	
2012-03-05 13:11:37 (MSK)	8 Notice	Undefined offset:  0	File: fns_tinybrowser.php	Line: 340	
2012-03-05 13:11:37 (MSK)	8 Notice	Undefined offset:  1	File: fns_tinybrowser.php	Line: 244	
2012-03-05 13:11:37 (MSK)	8 Notice	Undefined offset:  0	File: fns_tinybrowser.php	Line: 340	
2012-03-05 13:13:02 (MSK)	8 Notice	Undefined offset:  1	File: fns_tinybrowser.php	Line: 244	
2012-03-05 13:13:02 (MSK)	8 Notice	Undefined offset:  0	File: fns_tinybrowser.php	Line: 340	
2012-03-05 13:13:02 (MSK)	8 Notice	Undefined offset:  1	File: fns_tinybrowser.php	Line: 244	
2012-03-05 13:13:02 (MSK)	8 Notice	Undefined offset:  0	File: fns_tinybrowser.php	Line: 340	
2012-03-06 13:39:07 (MSK)	8 Notice	Undefined offset:  1	File: fns_tinybrowser.php	Line: 244	
2012-03-06 13:39:07 (MSK)	8 Notice	Undefined offset:  0	File: fns_tinybrowser.php	Line: 340	
2012-03-06 13:39:07 (MSK)	8 Notice	Undefined offset:  1	File: fns_tinybrowser.php	Line: 244	
2012-03-06 13:39:07 (MSK)	8 Notice	Undefined offset:  0	File: fns_tinybrowser.php	Line: 340	
2012-03-06 13:39:16 (MSK)	8 Notice	Undefined offset:  1	File: fns_tinybrowser.php	Line: 244	
2012-03-06 13:39:16 (MSK)	8 Notice	Undefined offset:  0	File: fns_tinybrowser.php	Line: 340	
2012-03-06 13:39:16 (MSK)	8 Notice	Undefined offset:  1	File: fns_tinybrowser.php	Line: 244	
2012-03-06 13:39:16 (MSK)	8 Notice	Undefined offset:  0	File: fns_tinybrowser.php	Line: 340	
2012-03-06 13:39:21 (MSK)	8 Notice	Undefined offset:  1	File: fns_tinybrowser.php	Line: 244	
2012-03-06 13:39:21 (MSK)	8 Notice	Undefined offset:  0	File: fns_tinybrowser.php	Line: 340	
2012-03-06 13:39:37 (MSK)	8 Notice	Undefined offset:  1	File: fns_tinybrowser.php	Line: 244	
2012-03-06 13:39:37 (MSK)	8 Notice	Undefined offset:  0	File: fns_tinybrowser.php	Line: 340	
2012-03-06 13:40:21 (MSK)	8 Notice	Undefined offset:  1	File: fns_tinybrowser.php	Line: 244	
2012-03-06 13:40:21 (MSK)	8 Notice	Undefined offset:  0	File: fns_tinybrowser.php	Line: 340	
2012-03-06 13:42:05 (MSK)	8 Notice	Undefined offset:  1	File: fns_tinybrowser.php	Line: 244	
2012-03-06 13:42:05 (MSK)	8 Notice	Undefined offset:  0	File: fns_tinybrowser.php	Line: 340	
2012-03-06 13:42:46 (MSK)	8 Notice	Undefined offset:  1	File: fns_tinybrowser.php	Line: 244	
2012-03-06 13:42:46 (MSK)	8 Notice	Undefined offset:  0	File: fns_tinybrowser.php	Line: 340	
2012-03-06 13:42:50 (MSK)	8 Notice	Undefined offset:  1	File: fns_tinybrowser.php	Line: 244	
2012-03-06 13:42:50 (MSK)	8 Notice	Undefined offset:  0	File: fns_tinybrowser.php	Line: 340	
2012-03-06 13:43:23 (MSK)	8 Notice	Undefined offset:  1	File: fns_tinybrowser.php	Line: 244	
2012-03-06 13:43:23 (MSK)	8 Notice	Undefined offset:  0	File: fns_tinybrowser.php	Line: 340	
2012-03-06 14:13:54 (MSK)	8 Notice	Undefined offset:  1	File: fns_tinybrowser.php	Line: 244	
2012-03-06 14:13:54 (MSK)	8 Notice	Undefined offset:  0	File: fns_tinybrowser.php	Line: 340	
2012-03-06 14:24:29 (MSK)	8 Notice	Undefined offset:  1	File: fns_tinybrowser.php	Line: 244	
2012-03-06 14:24:29 (MSK)	8 Notice	Undefined offset:  0	File: fns_tinybrowser.php	Line: 340	
2012-03-06 14:37:40 (MSK)	8 Notice	Undefined offset:  1	File: fns_tinybrowser.php	Line: 244	
2012-03-06 14:37:40 (MSK)	8 Notice	Undefined offset:  0	File: fns_tinybrowser.php	Line: 340	
2012-03-06 14:37:44 (MSK)	8 Notice	Undefined offset:  1	File: fns_tinybrowser.php	Line: 244	
2012-03-06 14:37:44 (MSK)	8 Notice	Undefined offset:  0	File: fns_tinybrowser.php	Line: 340	
2012-03-06 14:37:48 (MSK)	8 Notice	Undefined offset:  1	File: fns_tinybrowser.php	Line: 244	
2012-03-06 14:37:48 (MSK)	8 Notice	Undefined offset:  0	File: fns_tinybrowser.php	Line: 340	
2012-03-06 14:38:21 (MSK)	8 Notice	Undefined offset:  1	File: fns_tinybrowser.php	Line: 244	
2012-03-06 14:38:21 (MSK)	8 Notice	Undefined offset:  0	File: fns_tinybrowser.php	Line: 340	
2012-05-03 14:30:30 (MSK)	8 Notice	Undefined offset:  1	File: fns_tinybrowser.php	Line: 244	
2012-05-03 14:30:30 (MSK)	8 Notice	Undefined offset:  0	File: fns_tinybrowser.php	Line: 340	
2012-05-03 14:30:49 (MSK)	8 Notice	Undefined offset:  1	File: fns_tinybrowser.php	Line: 244	
2012-05-03 14:30:49 (MSK)	8 Notice	Undefined offset:  0	File: fns_tinybrowser.php	Line: 340	
2012-05-03 14:32:50 (MSK)	8 Notice	Undefined offset:  1	File: fns_tinybrowser.php	Line: 244	
2012-05-03 14:32:50 (MSK)	8 Notice	Undefined offset:  0	File: fns_tinybrowser.php	Line: 340	
2012-05-03 14:34:03 (MSK)	8 Notice	Undefined offset:  1	File: fns_tinybrowser.php	Line: 244	
2012-05-03 14:34:03 (MSK)	8 Notice	Undefined offset:  0	File: fns_tinybrowser.php	Line: 340	
2012-05-03 14:34:55 (MSK)	8 Notice	Undefined offset:  1	File: fns_tinybrowser.php	Line: 244	
2012-05-03 14:34:55 (MSK)	8 Notice	Undefined offset:  0	File: fns_tinybrowser.php	Line: 340	
2012-05-03 14:36:12 (MSK)	8 Notice	Undefined offset:  1	File: fns_tinybrowser.php	Line: 244	
2012-05-03 14:36:12 (MSK)	8 Notice	Undefined offset:  0	File: fns_tinybrowser.php	Line: 340	
2012-05-03 14:38:22 (MSK)	8 Notice	Undefined offset:  1	File: fns_tinybrowser.php	Line: 244	
2012-05-03 14:38:22 (MSK)	8 Notice	Undefined offset:  0	File: fns_tinybrowser.php	Line: 340	
2012-05-03 14:42:57 (MSK)	8 Notice	Undefined offset:  1	File: fns_tinybrowser.php	Line: 244	
2012-05-03 14:42:57 (MSK)	8 Notice	Undefined offset:  0	File: fns_tinybrowser.php	Line: 340	
2012-05-04 07:01:28 (MSK)	8 Notice	Undefined offset:  1	File: fns_tinybrowser.php	Line: 244	
2012-05-04 07:01:28 (MSK)	8 Notice	Undefined offset:  0	File: fns_tinybrowser.php	Line: 340	
2012-05-04 07:06:14 (MSK)	8 Notice	Undefined offset:  1	File: fns_tinybrowser.php	Line: 244	
2012-05-04 07:06:14 (MSK)	8 Notice	Undefined offset:  0	File: fns_tinybrowser.php	Line: 340	
2012-05-14 12:48:01 (MSK)	8 Notice	Undefined offset:  1	File: fns_tinybrowser.php	Line: 244	
2012-05-14 12:48:01 (MSK)	8 Notice	Undefined offset:  0	File: fns_tinybrowser.php	Line: 340	
2012-05-14 12:48:26 (MSK)	8 Notice	Undefined offset:  1	File: fns_tinybrowser.php	Line: 244	
2012-05-14 12:48:26 (MSK)	8 Notice	Undefined offset:  0	File: fns_tinybrowser.php	Line: 340	
2012-05-14 12:51:17 (MSK)	8 Notice	Undefined offset:  1	File: fns_tinybrowser.php	Line: 244	
2012-05-14 12:51:17 (MSK)	8 Notice	Undefined offset:  0	File: fns_tinybrowser.php	Line: 340	
2012-05-14 13:19:30 (MSK)	8 Notice	Undefined offset:  1	File: fns_tinybrowser.php	Line: 244	
2012-05-14 13:19:30 (MSK)	8 Notice	Undefined offset:  0	File: fns_tinybrowser.php	Line: 340	
2012-05-14 13:20:08 (MSK)	8 Notice	Undefined offset:  1	File: fns_tinybrowser.php	Line: 244	
2012-05-14 13:20:08 (MSK)	8 Notice	Undefined offset:  0	File: fns_tinybrowser.php	Line: 340	
2012-05-14 13:21:00 (MSK)	8 Notice	Undefined offset:  1	File: fns_tinybrowser.php	Line: 244	
2012-05-14 13:21:00 (MSK)	8 Notice	Undefined offset:  0	File: fns_tinybrowser.php	Line: 340	
2012-05-14 13:21:05 (MSK)	8 Notice	Undefined offset:  1	File: fns_tinybrowser.php	Line: 244	
2012-05-14 13:21:05 (MSK)	8 Notice	Undefined offset:  0	File: fns_tinybrowser.php	Line: 340	
2012-05-14 13:21:18 (MSK)	8 Notice	Undefined offset:  1	File: fns_tinybrowser.php	Line: 244	
2012-05-14 13:21:18 (MSK)	8 Notice	Undefined offset:  0	File: fns_tinybrowser.php	Line: 340	
2012-05-14 13:21:22 (MSK)	8 Notice	Undefined offset:  1	File: fns_tinybrowser.php	Line: 244	
2012-05-14 13:21:22 (MSK)	8 Notice	Undefined offset:  0	File: fns_tinybrowser.php	Line: 340	
2012-05-14 13:21:44 (MSK)	8 Notice	Undefined offset:  1	File: fns_tinybrowser.php	Line: 244	
2012-05-14 13:21:44 (MSK)	8 Notice	Undefined offset:  0	File: fns_tinybrowser.php	Line: 340	
2012-05-14 13:22:42 (MSK)	8 Notice	Undefined offset:  1	File: fns_tinybrowser.php	Line: 244	
2012-05-14 13:22:42 (MSK)	8 Notice	Undefined offset:  0	File: fns_tinybrowser.php	Line: 340	
2012-05-14 13:24:36 (MSK)	8 Notice	Undefined offset:  1	File: fns_tinybrowser.php	Line: 244	
2012-05-14 13:24:36 (MSK)	8 Notice	Undefined offset:  0	File: fns_tinybrowser.php	Line: 340	
2012-05-14 13:24:55 (MSK)	8 Notice	Undefined offset:  1	File: fns_tinybrowser.php	Line: 244	
2012-05-14 13:24:55 (MSK)	8 Notice	Undefined offset:  0	File: fns_tinybrowser.php	Line: 340	
2012-05-14 13:25:13 (MSK)	8 Notice	Undefined offset:  1	File: fns_tinybrowser.php	Line: 244	
2012-05-14 13:25:13 (MSK)	8 Notice	Undefined offset:  0	File: fns_tinybrowser.php	Line: 340	
2012-05-14 13:25:41 (MSK)	8 Notice	Undefined offset:  1	File: fns_tinybrowser.php	Line: 244	
2012-05-14 13:25:41 (MSK)	8 Notice	Undefined offset:  0	File: fns_tinybrowser.php	Line: 340	
2012-05-14 13:39:36 (MSK)	8 Notice	Undefined offset:  1	File: fns_tinybrowser.php	Line: 244	
2012-05-14 13:39:36 (MSK)	8 Notice	Undefined offset:  0	File: fns_tinybrowser.php	Line: 340	
2012-05-14 13:41:29 (MSK)	8 Notice	Undefined offset:  1	File: fns_tinybrowser.php	Line: 244	
2012-05-14 13:41:29 (MSK)	8 Notice	Undefined offset:  0	File: fns_tinybrowser.php	Line: 340	
2012-05-14 13:42:32 (MSK)	8 Notice	Undefined offset:  1	File: fns_tinybrowser.php	Line: 244	
2012-05-14 13:42:32 (MSK)	8 Notice	Undefined offset:  0	File: fns_tinybrowser.php	Line: 340	
2012-05-14 14:45:08 (MSK)	8 Notice	Undefined offset:  1	File: fns_tinybrowser.php	Line: 244	
2012-05-14 14:45:08 (MSK)	8 Notice	Undefined offset:  0	File: fns_tinybrowser.php	Line: 340	
2012-05-14 14:45:50 (MSK)	8 Notice	Undefined offset:  1	File: fns_tinybrowser.php	Line: 244	
2012-05-14 14:45:50 (MSK)	8 Notice	Undefined offset:  0	File: fns_tinybrowser.php	Line: 340	
2012-06-28 09:59:01 (MSK)	8 Notice	Undefined offset:  1	File: fns_tinybrowser.php	Line: 244	
2012-06-28 09:59:01 (MSK)	8 Notice	Undefined offset:  0	File: fns_tinybrowser.php	Line: 340	
2012-06-28 13:22:51 (MSK)	8 Notice	Undefined offset:  1	File: fns_tinybrowser.php	Line: 244	
2012-06-28 13:22:51 (MSK)	8 Notice	Undefined offset:  0	File: fns_tinybrowser.php	Line: 340	
2012-07-03 13:39:05 (MSK)	8 Notice	Undefined offset:  1	File: fns_tinybrowser.php	Line: 244	
2012-07-03 13:39:05 (MSK)	8 Notice	Undefined offset:  0	File: fns_tinybrowser.php	Line: 340	
2012-07-03 13:40:03 (MSK)	8 Notice	Undefined offset:  1	File: fns_tinybrowser.php	Line: 244	
2012-07-03 13:40:03 (MSK)	8 Notice	Undefined offset:  0	File: fns_tinybrowser.php	Line: 340	
2012-07-03 15:29:24 (MSK)	8 Notice	Undefined offset:  1	File: fns_tinybrowser.php	Line: 244	
2012-07-03 15:29:24 (MSK)	8 Notice	Undefined offset:  0	File: fns_tinybrowser.php	Line: 340	
2012-07-03 15:29:24 (MSK)	8 Notice	Undefined offset:  1	File: fns_tinybrowser.php	Line: 244	
2012-07-03 15:29:24 (MSK)	8 Notice	Undefined offset:  0	File: fns_tinybrowser.php	Line: 340	
2012-07-03 15:29:30 (MSK)	8 Notice	Undefined offset:  1	File: fns_tinybrowser.php	Line: 244	
2012-07-03 15:29:30 (MSK)	8 Notice	Undefined offset:  0	File: fns_tinybrowser.php	Line: 340	
2012-07-03 15:29:30 (MSK)	8 Notice	Undefined offset:  1	File: fns_tinybrowser.php	Line: 244	
2012-07-03 15:29:30 (MSK)	8 Notice	Undefined offset:  0	File: fns_tinybrowser.php	Line: 340	
2012-07-03 15:31:11 (MSK)	8 Notice	Undefined offset:  1	File: fns_tinybrowser.php	Line: 244	
2012-07-03 15:31:11 (MSK)	8 Notice	Undefined offset:  0	File: fns_tinybrowser.php	Line: 340	
2012-07-03 15:31:50 (MSK)	8 Notice	Undefined offset:  1	File: fns_tinybrowser.php	Line: 244	
2012-07-03 15:31:50 (MSK)	8 Notice	Undefined offset:  0	File: fns_tinybrowser.php	Line: 340	
2012-07-03 15:34:02 (MSK)	8 Notice	Undefined offset:  1	File: fns_tinybrowser.php	Line: 244	
2012-07-03 15:34:02 (MSK)	8 Notice	Undefined offset:  0	File: fns_tinybrowser.php	Line: 340	
2012-07-03 15:34:02 (MSK)	8 Notice	Undefined offset:  1	File: fns_tinybrowser.php	Line: 244	
2012-07-03 15:34:02 (MSK)	8 Notice	Undefined offset:  0	File: fns_tinybrowser.php	Line: 340	
2012-07-03 15:34:38 (MSK)	8 Notice	Undefined offset:  1	File: fns_tinybrowser.php	Line: 244	
2012-07-03 15:34:38 (MSK)	8 Notice	Undefined offset:  0	File: fns_tinybrowser.php	Line: 340	
2012-07-03 15:34:38 (MSK)	8 Notice	Undefined offset:  1	File: fns_tinybrowser.php	Line: 244	
2012-07-03 15:34:38 (MSK)	8 Notice	Undefined offset:  0	File: fns_tinybrowser.php	Line: 340	
2012-07-03 16:47:20 (MSK)	8 Notice	Undefined offset:  1	File: fns_tinybrowser.php	Line: 244	
2012-07-03 16:47:20 (MSK)	8 Notice	Undefined offset:  0	File: fns_tinybrowser.php	Line: 340	
2012-07-03 16:48:11 (MSK)	8 Notice	Undefined offset:  1	File: fns_tinybrowser.php	Line: 244	
2012-07-03 16:48:11 (MSK)	8 Notice	Undefined offset:  0	File: fns_tinybrowser.php	Line: 340	
2012-07-04 08:28:47 (MSK)	8 Notice	Undefined offset:  1	File: fns_tinybrowser.php	Line: 244	
2012-07-04 08:28:47 (MSK)	8 Notice	Undefined offset:  0	File: fns_tinybrowser.php	Line: 340	
2012-07-04 08:31:28 (MSK)	8 Notice	Undefined offset:  1	File: fns_tinybrowser.php	Line: 244	
2012-07-04 08:31:28 (MSK)	8 Notice	Undefined offset:  0	File: fns_tinybrowser.php	Line: 340	
2012-07-04 08:34:32 (MSK)	8 Notice	Undefined offset:  1	File: fns_tinybrowser.php	Line: 244	
2012-07-04 08:34:32 (MSK)	8 Notice	Undefined offset:  0	File: fns_tinybrowser.php	Line: 340	
2012-07-04 08:43:23 (MSK)	8 Notice	Undefined offset:  1	File: fns_tinybrowser.php	Line: 244	
2012-07-04 08:43:23 (MSK)	8 Notice	Undefined offset:  0	File: fns_tinybrowser.php	Line: 340	
2012-07-04 08:43:41 (MSK)	8 Notice	Undefined offset:  1	File: fns_tinybrowser.php	Line: 244	
2012-07-04 08:43:41 (MSK)	8 Notice	Undefined offset:  0	File: fns_tinybrowser.php	Line: 340	
2012-07-04 08:43:47 (MSK)	8 Notice	Undefined offset:  1	File: fns_tinybrowser.php	Line: 244	
2012-07-04 08:43:47 (MSK)	8 Notice	Undefined offset:  0	File: fns_tinybrowser.php	Line: 340	
2012-07-04 08:44:03 (MSK)	8 Notice	Undefined offset:  1	File: fns_tinybrowser.php	Line: 244	
2012-07-04 08:44:03 (MSK)	8 Notice	Undefined offset:  0	File: fns_tinybrowser.php	Line: 340	
2012-07-04 08:45:28 (MSK)	8 Notice	Undefined offset:  1	File: fns_tinybrowser.php	Line: 244	
2012-07-04 08:45:28 (MSK)	8 Notice	Undefined offset:  0	File: fns_tinybrowser.php	Line: 340	
2012-07-04 08:46:27 (MSK)	8 Notice	Undefined offset:  1	File: fns_tinybrowser.php	Line: 244	
2012-07-04 08:46:27 (MSK)	8 Notice	Undefined offset:  0	File: fns_tinybrowser.php	Line: 340	
2012-07-04 08:48:05 (MSK)	8 Notice	Undefined offset:  1	File: fns_tinybrowser.php	Line: 244	
2012-07-04 08:48:05 (MSK)	8 Notice	Undefined offset:  0	File: fns_tinybrowser.php	Line: 340	
2012-07-04 08:49:13 (MSK)	8 Notice	Undefined offset:  1	File: fns_tinybrowser.php	Line: 244	
2012-07-04 08:49:13 (MSK)	8 Notice	Undefined offset:  0	File: fns_tinybrowser.php	Line: 340	
2012-07-04 08:49:33 (MSK)	8 Notice	Undefined offset:  1	File: fns_tinybrowser.php	Line: 244	
2012-07-04 08:49:33 (MSK)	8 Notice	Undefined offset:  0	File: fns_tinybrowser.php	Line: 340	
2012-07-04 08:57:47 (MSK)	8 Notice	Undefined offset:  1	File: fns_tinybrowser.php	Line: 244	
2012-07-04 08:57:47 (MSK)	8 Notice	Undefined offset:  0	File: fns_tinybrowser.php	Line: 340	
2012-07-04 09:16:15 (MSK)	8 Notice	Undefined offset:  1	File: fns_tinybrowser.php	Line: 244	
2012-07-04 09:16:15 (MSK)	8 Notice	Undefined offset:  0	File: fns_tinybrowser.php	Line: 340	
2012-07-04 09:16:34 (MSK)	8 Notice	Undefined offset:  1	File: fns_tinybrowser.php	Line: 244	
2012-07-04 09:16:34 (MSK)	8 Notice	Undefined offset:  0	File: fns_tinybrowser.php	Line: 340	
2012-07-04 09:18:03 (MSK)	8 Notice	Undefined offset:  1	File: fns_tinybrowser.php	Line: 244	
2012-07-04 09:18:03 (MSK)	8 Notice	Undefined offset:  0	File: fns_tinybrowser.php	Line: 340	
2012-07-04 09:18:35 (MSK)	8 Notice	Undefined offset:  1	File: fns_tinybrowser.php	Line: 244	
2012-07-04 09:18:35 (MSK)	8 Notice	Undefined offset:  0	File: fns_tinybrowser.php	Line: 340	
2012-07-04 09:18:56 (MSK)	8 Notice	Undefined offset:  1	File: fns_tinybrowser.php	Line: 244	
2012-07-04 09:18:56 (MSK)	8 Notice	Undefined offset:  0	File: fns_tinybrowser.php	Line: 340	
2012-07-04 12:41:44 (MSK)	8 Notice	Undefined offset:  1	File: fns_tinybrowser.php	Line: 244	
2012-07-04 12:41:44 (MSK)	8 Notice	Undefined offset:  0	File: fns_tinybrowser.php	Line: 340	
2012-07-30 11:44:03 (MSK)	8 Notice	Undefined offset:  1	File: fns_tinybrowser.php	Line: 244	
2012-07-30 11:44:03 (MSK)	8 Notice	Undefined offset:  0	File: fns_tinybrowser.php	Line: 340	
2012-07-30 11:44:38 (MSK)	8 Notice	Undefined offset:  1	File: fns_tinybrowser.php	Line: 244	
2012-07-30 11:44:38 (MSK)	8 Notice	Undefined offset:  0	File: fns_tinybrowser.php	Line: 340	
2012-07-30 11:58:05 (MSK)	8 Notice	Undefined offset:  1	File: fns_tinybrowser.php	Line: 244	
2012-07-30 11:58:05 (MSK)	8 Notice	Undefined offset:  0	File: fns_tinybrowser.php	Line: 340	
2012-07-30 11:59:10 (MSK)	8 Notice	Undefined offset:  1	File: fns_tinybrowser.php	Line: 244	
2012-07-30 11:59:10 (MSK)	8 Notice	Undefined offset:  0	File: fns_tinybrowser.php	Line: 340	
2012-07-30 11:59:21 (MSK)	8 Notice	Undefined offset:  1	File: fns_tinybrowser.php	Line: 244	
2012-07-30 11:59:21 (MSK)	8 Notice	Undefined offset:  0	File: fns_tinybrowser.php	Line: 340	
2012-07-30 11:59:37 (MSK)	8 Notice	Undefined offset:  1	File: fns_tinybrowser.php	Line: 244	
2012-07-30 11:59:37 (MSK)	8 Notice	Undefined offset:  0	File: fns_tinybrowser.php	Line: 340	
2012-07-30 11:59:56 (MSK)	8 Notice	Undefined offset:  1	File: fns_tinybrowser.php	Line: 244	
2012-07-30 11:59:56 (MSK)	8 Notice	Undefined offset:  0	File: fns_tinybrowser.php	Line: 340	
2012-07-30 12:01:20 (MSK)	8 Notice	Undefined offset:  1	File: fns_tinybrowser.php	Line: 244	
2012-07-30 12:01:20 (MSK)	8 Notice	Undefined offset:  0	File: fns_tinybrowser.php	Line: 340	
2012-07-30 12:01:42 (MSK)	8 Notice	Undefined offset:  1	File: fns_tinybrowser.php	Line: 244	
2012-07-30 12:01:42 (MSK)	8 Notice	Undefined offset:  0	File: fns_tinybrowser.php	Line: 340	
2012-10-04 09:24:36 (MSK)	8 Notice	Undefined offset:  1	File: fns_tinybrowser.php	Line: 244	
2012-10-04 09:24:36 (MSK)	8 Notice	Undefined offset:  0	File: fns_tinybrowser.php	Line: 340	
2012-10-04 09:26:44 (MSK)	8 Notice	Undefined offset:  1	File: fns_tinybrowser.php	Line: 244	
2012-10-04 09:26:44 (MSK)	8 Notice	Undefined offset:  0	File: fns_tinybrowser.php	Line: 340	
2012-10-04 09:29:47 (MSK)	8 Notice	Undefined offset:  1	File: fns_tinybrowser.php	Line: 244	
2012-10-04 09:29:47 (MSK)	8 Notice	Undefined offset:  0	File: fns_tinybrowser.php	Line: 340	
2012-10-04 12:47:00 (MSK)	8 Notice	Undefined offset:  1	File: fns_tinybrowser.php	Line: 244	
2012-10-04 12:47:00 (MSK)	8 Notice	Undefined offset:  0	File: fns_tinybrowser.php	Line: 340	
2012-10-04 12:47:39 (MSK)	8 Notice	Undefined offset:  1	File: fns_tinybrowser.php	Line: 244	
2012-10-04 12:47:39 (MSK)	8 Notice	Undefined offset:  0	File: fns_tinybrowser.php	Line: 340	
2012-10-04 12:48:06 (MSK)	8 Notice	Undefined offset:  1	File: fns_tinybrowser.php	Line: 244	
2012-10-04 12:48:06 (MSK)	8 Notice	Undefined offset:  0	File: fns_tinybrowser.php	Line: 340	
2012-10-04 12:48:20 (MSK)	8 Notice	Undefined offset:  1	File: fns_tinybrowser.php	Line: 244	
2012-10-04 12:48:20 (MSK)	8 Notice	Undefined offset:  0	File: fns_tinybrowser.php	Line: 340	
2012-10-04 12:48:42 (MSK)	8 Notice	Undefined offset:  1	File: fns_tinybrowser.php	Line: 244	
2012-10-04 12:48:42 (MSK)	8 Notice	Undefined offset:  0	File: fns_tinybrowser.php	Line: 340	
2012-10-04 12:49:04 (MSK)	8 Notice	Undefined offset:  1	File: fns_tinybrowser.php	Line: 244	
2012-10-04 12:49:04 (MSK)	8 Notice	Undefined offset:  0	File: fns_tinybrowser.php	Line: 340	
2012-10-04 12:49:41 (MSK)	8 Notice	Undefined offset:  1	File: fns_tinybrowser.php	Line: 244	
2012-10-04 12:49:41 (MSK)	8 Notice	Undefined offset:  0	File: fns_tinybrowser.php	Line: 340	
2012-10-04 12:49:57 (MSK)	8 Notice	Undefined offset:  1	File: fns_tinybrowser.php	Line: 244	
2012-10-04 12:49:57 (MSK)	8 Notice	Undefined offset:  0	File: fns_tinybrowser.php	Line: 340	
2012-10-04 12:50:12 (MSK)	8 Notice	Undefined offset:  1	File: fns_tinybrowser.php	Line: 244	
2012-10-04 12:50:12 (MSK)	8 Notice	Undefined offset:  0	File: fns_tinybrowser.php	Line: 340	
2012-10-04 12:50:46 (MSK)	8 Notice	Undefined offset:  1	File: fns_tinybrowser.php	Line: 244	
2012-10-04 12:50:46 (MSK)	8 Notice	Undefined offset:  0	File: fns_tinybrowser.php	Line: 340	
2012-10-04 12:51:12 (MSK)	8 Notice	Undefined offset:  1	File: fns_tinybrowser.php	Line: 244	
2012-10-04 12:51:12 (MSK)	8 Notice	Undefined offset:  0	File: fns_tinybrowser.php	Line: 340	
2012-10-04 12:51:29 (MSK)	8 Notice	Undefined offset:  1	File: fns_tinybrowser.php	Line: 244	
2012-10-04 12:51:29 (MSK)	8 Notice	Undefined offset:  0	File: fns_tinybrowser.php	Line: 340	
2012-10-04 12:51:45 (MSK)	8 Notice	Undefined offset:  1	File: fns_tinybrowser.php	Line: 244	
2012-10-04 12:51:45 (MSK)	8 Notice	Undefined offset:  0	File: fns_tinybrowser.php	Line: 340	
2012-10-04 12:52:24 (MSK)	8 Notice	Undefined offset:  1	File: fns_tinybrowser.php	Line: 244	
2012-10-04 12:52:24 (MSK)	8 Notice	Undefined offset:  0	File: fns_tinybrowser.php	Line: 340	
2012-10-04 12:56:43 (MSK)	8 Notice	Undefined offset:  1	File: fns_tinybrowser.php	Line: 244	
2012-10-04 12:56:43 (MSK)	8 Notice	Undefined offset:  0	File: fns_tinybrowser.php	Line: 340	
2012-10-04 12:56:55 (MSK)	8 Notice	Undefined offset:  1	File: fns_tinybrowser.php	Line: 244	
2012-10-04 12:56:55 (MSK)	8 Notice	Undefined offset:  0	File: fns_tinybrowser.php	Line: 340	
2012-10-04 12:57:13 (MSK)	8 Notice	Undefined offset:  1	File: fns_tinybrowser.php	Line: 244	
2012-10-04 12:57:13 (MSK)	8 Notice	Undefined offset:  0	File: fns_tinybrowser.php	Line: 340	
2012-10-04 12:57:16 (MSK)	8 Notice	Undefined offset:  1	File: fns_tinybrowser.php	Line: 244	
2012-10-04 12:57:16 (MSK)	8 Notice	Undefined offset:  0	File: fns_tinybrowser.php	Line: 340	
2012-10-04 13:00:01 (MSK)	8 Notice	Undefined offset:  1	File: fns_tinybrowser.php	Line: 244	
2012-10-04 13:00:01 (MSK)	8 Notice	Undefined offset:  0	File: fns_tinybrowser.php	Line: 340	
2012-10-04 13:01:25 (MSK)	8 Notice	Undefined offset:  1	File: fns_tinybrowser.php	Line: 244	
2012-10-04 13:01:25 (MSK)	8 Notice	Undefined offset:  0	File: fns_tinybrowser.php	Line: 340	
2012-10-04 13:01:43 (MSK)	8 Notice	Undefined offset:  1	File: fns_tinybrowser.php	Line: 244	
2012-10-04 13:01:43 (MSK)	8 Notice	Undefined offset:  0	File: fns_tinybrowser.php	Line: 340	
2012-10-04 13:01:59 (MSK)	8 Notice	Undefined offset:  1	File: fns_tinybrowser.php	Line: 244	
2012-10-04 13:01:59 (MSK)	8 Notice	Undefined offset:  0	File: fns_tinybrowser.php	Line: 340	
2012-10-04 13:02:17 (MSK)	8 Notice	Undefined offset:  1	File: fns_tinybrowser.php	Line: 244	
2012-10-04 13:02:17 (MSK)	8 Notice	Undefined offset:  0	File: fns_tinybrowser.php	Line: 340	
2012-10-04 13:02:43 (MSK)	8 Notice	Undefined offset:  1	File: fns_tinybrowser.php	Line: 244	
2012-10-04 13:02:43 (MSK)	8 Notice	Undefined offset:  0	File: fns_tinybrowser.php	Line: 340	
2012-10-04 13:02:57 (MSK)	8 Notice	Undefined offset:  1	File: fns_tinybrowser.php	Line: 244	
2012-10-04 13:02:57 (MSK)	8 Notice	Undefined offset:  0	File: fns_tinybrowser.php	Line: 340	
2012-10-04 13:03:39 (MSK)	8 Notice	Undefined offset:  1	File: fns_tinybrowser.php	Line: 244	
2012-10-04 13:03:39 (MSK)	8 Notice	Undefined offset:  0	File: fns_tinybrowser.php	Line: 340	
2012-10-04 13:03:55 (MSK)	8 Notice	Undefined offset:  1	File: fns_tinybrowser.php	Line: 244	
2012-10-04 13:03:55 (MSK)	8 Notice	Undefined offset:  0	File: fns_tinybrowser.php	Line: 340	
2012-10-04 13:04:14 (MSK)	8 Notice	Undefined offset:  1	File: fns_tinybrowser.php	Line: 244	
2012-10-04 13:04:14 (MSK)	8 Notice	Undefined offset:  0	File: fns_tinybrowser.php	Line: 340	
2012-10-04 13:04:29 (MSK)	8 Notice	Undefined offset:  1	File: fns_tinybrowser.php	Line: 244	
2012-10-04 13:04:29 (MSK)	8 Notice	Undefined offset:  0	File: fns_tinybrowser.php	Line: 340	
2012-10-04 13:04:44 (MSK)	8 Notice	Undefined offset:  1	File: fns_tinybrowser.php	Line: 244	
2012-10-04 13:04:44 (MSK)	8 Notice	Undefined offset:  0	File: fns_tinybrowser.php	Line: 340	
2012-10-04 13:05:02 (MSK)	8 Notice	Undefined offset:  1	File: fns_tinybrowser.php	Line: 244	
2012-10-04 13:05:02 (MSK)	8 Notice	Undefined offset:  0	File: fns_tinybrowser.php	Line: 340	
2012-10-04 13:10:29 (MSK)	8 Notice	Undefined offset:  1	File: fns_tinybrowser.php	Line: 244	
2012-10-04 13:10:29 (MSK)	8 Notice	Undefined offset:  0	File: fns_tinybrowser.php	Line: 340	
2012-10-04 13:10:54 (MSK)	8 Notice	Undefined offset:  1	File: fns_tinybrowser.php	Line: 244	
2012-10-04 13:10:54 (MSK)	8 Notice	Undefined offset:  0	File: fns_tinybrowser.php	Line: 340	
2012-10-04 13:11:43 (MSK)	8 Notice	Undefined offset:  1	File: fns_tinybrowser.php	Line: 244	
2012-10-04 13:11:43 (MSK)	8 Notice	Undefined offset:  0	File: fns_tinybrowser.php	Line: 340	
2012-10-04 13:11:46 (MSK)	8 Notice	Undefined offset:  1	File: fns_tinybrowser.php	Line: 244	
2012-10-04 13:11:46 (MSK)	8 Notice	Undefined offset:  0	File: fns_tinybrowser.php	Line: 340	
2012-10-04 13:12:06 (MSK)	8 Notice	Undefined offset:  1	File: fns_tinybrowser.php	Line: 244	
2012-10-04 13:12:06 (MSK)	8 Notice	Undefined offset:  0	File: fns_tinybrowser.php	Line: 340	
2012-10-04 13:13:43 (MSK)	8 Notice	Undefined offset:  1	File: fns_tinybrowser.php	Line: 244	
2012-10-04 13:13:43 (MSK)	8 Notice	Undefined offset:  0	File: fns_tinybrowser.php	Line: 340	
2012-10-04 13:14:03 (MSK)	8 Notice	Undefined offset:  1	File: fns_tinybrowser.php	Line: 244	
2012-10-04 13:14:03 (MSK)	8 Notice	Undefined offset:  0	File: fns_tinybrowser.php	Line: 340	
2012-10-04 13:15:23 (MSK)	8 Notice	Undefined offset:  1	File: fns_tinybrowser.php	Line: 244	
2012-10-04 13:15:23 (MSK)	8 Notice	Undefined offset:  0	File: fns_tinybrowser.php	Line: 340	
2012-10-04 13:15:43 (MSK)	8 Notice	Undefined offset:  1	File: fns_tinybrowser.php	Line: 244	
2012-10-04 13:15:43 (MSK)	8 Notice	Undefined offset:  0	File: fns_tinybrowser.php	Line: 340	
2012-10-04 13:16:14 (MSK)	8 Notice	Undefined offset:  1	File: fns_tinybrowser.php	Line: 244	
2012-10-04 13:16:14 (MSK)	8 Notice	Undefined offset:  0	File: fns_tinybrowser.php	Line: 340	
2012-10-04 13:16:54 (MSK)	8 Notice	Undefined offset:  1	File: fns_tinybrowser.php	Line: 244	
2012-10-04 13:16:54 (MSK)	8 Notice	Undefined offset:  0	File: fns_tinybrowser.php	Line: 340	
2012-10-04 13:18:09 (MSK)	8 Notice	Undefined offset:  1	File: fns_tinybrowser.php	Line: 244	
2012-10-04 13:18:09 (MSK)	8 Notice	Undefined offset:  0	File: fns_tinybrowser.php	Line: 340	
2012-10-04 13:18:54 (MSK)	8 Notice	Undefined offset:  1	File: fns_tinybrowser.php	Line: 244	
2012-10-04 13:18:54 (MSK)	8 Notice	Undefined offset:  0	File: fns_tinybrowser.php	Line: 340	
2012-10-04 13:19:10 (MSK)	8 Notice	Undefined offset:  1	File: fns_tinybrowser.php	Line: 244	
2012-10-04 13:19:10 (MSK)	8 Notice	Undefined offset:  0	File: fns_tinybrowser.php	Line: 340	
2012-10-04 13:19:15 (MSK)	8 Notice	Undefined offset:  1	File: fns_tinybrowser.php	Line: 244	
2012-10-04 13:19:15 (MSK)	8 Notice	Undefined offset:  0	File: fns_tinybrowser.php	Line: 340	
2012-10-04 13:19:59 (MSK)	8 Notice	Undefined offset:  1	File: fns_tinybrowser.php	Line: 244	
2012-10-04 13:19:59 (MSK)	8 Notice	Undefined offset:  0	File: fns_tinybrowser.php	Line: 340	
2012-10-04 13:20:46 (MSK)	8 Notice	Undefined offset:  1	File: fns_tinybrowser.php	Line: 244	
2012-10-04 13:20:46 (MSK)	8 Notice	Undefined offset:  0	File: fns_tinybrowser.php	Line: 340	
2012-10-04 13:21:26 (MSK)	8 Notice	Undefined offset:  1	File: fns_tinybrowser.php	Line: 244	
2012-10-04 13:21:26 (MSK)	8 Notice	Undefined offset:  0	File: fns_tinybrowser.php	Line: 340	
2012-10-04 13:22:07 (MSK)	8 Notice	Undefined offset:  1	File: fns_tinybrowser.php	Line: 244	
2012-10-04 13:22:07 (MSK)	8 Notice	Undefined offset:  0	File: fns_tinybrowser.php	Line: 340	
2012-10-04 13:22:42 (MSK)	8 Notice	Undefined offset:  1	File: fns_tinybrowser.php	Line: 244	
2012-10-04 13:22:42 (MSK)	8 Notice	Undefined offset:  0	File: fns_tinybrowser.php	Line: 340	
2012-10-04 13:23:45 (MSK)	8 Notice	Undefined offset:  1	File: fns_tinybrowser.php	Line: 244	
2012-10-04 13:23:45 (MSK)	8 Notice	Undefined offset:  0	File: fns_tinybrowser.php	Line: 340	
2012-10-04 16:49:04 (MSK)	8 Notice	Undefined offset:  1	File: fns_tinybrowser.php	Line: 244	
2012-10-04 16:49:04 (MSK)	8 Notice	Undefined offset:  0	File: fns_tinybrowser.php	Line: 340	
2012-10-04 16:50:18 (MSK)	8 Notice	Undefined offset:  1	File: fns_tinybrowser.php	Line: 244	
2012-10-04 16:50:18 (MSK)	8 Notice	Undefined offset:  0	File: fns_tinybrowser.php	Line: 340	
2012-10-08 13:05:27 (MSK)	8 Notice	Undefined offset:  1	File: fns_tinybrowser.php	Line: 244	
2012-10-08 13:05:27 (MSK)	8 Notice	Undefined offset:  0	File: fns_tinybrowser.php	Line: 340	
2012-10-08 13:05:32 (MSK)	8 Notice	Undefined offset:  1	File: fns_tinybrowser.php	Line: 244	
2012-10-08 13:05:32 (MSK)	8 Notice	Undefined offset:  0	File: fns_tinybrowser.php	Line: 340	
2012-10-08 13:11:25 (MSK)	8 Notice	Undefined offset:  1	File: fns_tinybrowser.php	Line: 244	
2012-10-08 13:11:25 (MSK)	8 Notice	Undefined offset:  0	File: fns_tinybrowser.php	Line: 340	
2012-10-08 13:11:35 (MSK)	8 Notice	Undefined offset:  1	File: fns_tinybrowser.php	Line: 244	
2012-10-08 13:11:35 (MSK)	8 Notice	Undefined offset:  0	File: fns_tinybrowser.php	Line: 340	
2012-10-08 13:11:42 (MSK)	8 Notice	Undefined offset:  1	File: fns_tinybrowser.php	Line: 244	
2012-10-08 13:11:42 (MSK)	8 Notice	Undefined offset:  0	File: fns_tinybrowser.php	Line: 340	
2012-10-08 13:12:56 (MSK)	8 Notice	Undefined offset:  1	File: fns_tinybrowser.php	Line: 244	
2012-10-08 13:12:56 (MSK)	8 Notice	Undefined offset:  0	File: fns_tinybrowser.php	Line: 340	
2012-10-08 13:13:03 (MSK)	8 Notice	Undefined offset:  1	File: fns_tinybrowser.php	Line: 244	
2012-10-08 13:13:03 (MSK)	8 Notice	Undefined offset:  0	File: fns_tinybrowser.php	Line: 340	
2012-10-08 13:13:38 (MSK)	8 Notice	Undefined offset:  1	File: fns_tinybrowser.php	Line: 244	
2012-10-08 13:13:38 (MSK)	8 Notice	Undefined offset:  0	File: fns_tinybrowser.php	Line: 340	
2012-10-08 13:13:46 (MSK)	8 Notice	Undefined offset:  1	File: fns_tinybrowser.php	Line: 244	
2012-10-08 13:13:46 (MSK)	8 Notice	Undefined offset:  0	File: fns_tinybrowser.php	Line: 340	
2012-10-08 13:14:08 (MSK)	8 Notice	Undefined offset:  1	File: fns_tinybrowser.php	Line: 244	
2012-10-08 13:14:08 (MSK)	8 Notice	Undefined offset:  0	File: fns_tinybrowser.php	Line: 340	
2012-10-08 13:14:44 (MSK)	8 Notice	Undefined offset:  1	File: fns_tinybrowser.php	Line: 244	
2012-10-08 13:14:44 (MSK)	8 Notice	Undefined offset:  0	File: fns_tinybrowser.php	Line: 340	
2012-12-27 12:32:09 (MSK)	8 Notice	Undefined offset:  1	File: fns_tinybrowser.php	Line: 244	
2012-12-27 12:32:09 (MSK)	8 Notice	Undefined offset:  0	File: fns_tinybrowser.php	Line: 340	
2012-12-27 12:34:42 (MSK)	8 Notice	Undefined offset:  1	File: fns_tinybrowser.php	Line: 244	
2012-12-27 12:34:42 (MSK)	8 Notice	Undefined offset:  0	File: fns_tinybrowser.php	Line: 340	
2012-12-27 12:34:46 (MSK)	8 Notice	Undefined offset:  1	File: fns_tinybrowser.php	Line: 244	
2012-12-27 12:34:46 (MSK)	8 Notice	Undefined offset:  0	File: fns_tinybrowser.php	Line: 340	
2012-12-27 12:36:24 (MSK)	8 Notice	Undefined offset:  1	File: fns_tinybrowser.php	Line: 244	
2012-12-27 12:36:24 (MSK)	8 Notice	Undefined offset:  0	File: fns_tinybrowser.php	Line: 340	
2012-12-27 12:37:23 (MSK)	8 Notice	Undefined offset:  1	File: fns_tinybrowser.php	Line: 244	
2012-12-27 12:37:23 (MSK)	8 Notice	Undefined offset:  0	File: fns_tinybrowser.php	Line: 340	
2012-12-27 12:41:04 (MSK)	8 Notice	Undefined offset:  1	File: fns_tinybrowser.php	Line: 244	
2012-12-27 12:41:04 (MSK)	8 Notice	Undefined offset:  0	File: fns_tinybrowser.php	Line: 340	
2012-12-27 12:41:35 (MSK)	8 Notice	Undefined offset:  1	File: fns_tinybrowser.php	Line: 244	
2012-12-27 12:41:35 (MSK)	8 Notice	Undefined offset:  0	File: fns_tinybrowser.php	Line: 340	
2012-12-27 12:42:00 (MSK)	8 Notice	Undefined offset:  1	File: fns_tinybrowser.php	Line: 244	
2012-12-27 12:42:00 (MSK)	8 Notice	Undefined offset:  0	File: fns_tinybrowser.php	Line: 340	
2012-12-27 12:42:29 (MSK)	8 Notice	Undefined offset:  1	File: fns_tinybrowser.php	Line: 244	
2012-12-27 12:42:29 (MSK)	8 Notice	Undefined offset:  0	File: fns_tinybrowser.php	Line: 340	
2012-12-27 12:43:02 (MSK)	8 Notice	Undefined offset:  1	File: fns_tinybrowser.php	Line: 244	
2012-12-27 12:43:02 (MSK)	8 Notice	Undefined offset:  0	File: fns_tinybrowser.php	Line: 340	
2012-12-27 12:43:55 (MSK)	8 Notice	Undefined offset:  1	File: fns_tinybrowser.php	Line: 244	
2012-12-27 12:43:55 (MSK)	8 Notice	Undefined offset:  0	File: fns_tinybrowser.php	Line: 340	
2012-12-27 12:44:19 (MSK)	8 Notice	Undefined offset:  1	File: fns_tinybrowser.php	Line: 244	
2012-12-27 12:44:19 (MSK)	8 Notice	Undefined offset:  0	File: fns_tinybrowser.php	Line: 340	
2012-12-27 12:44:45 (MSK)	8 Notice	Undefined offset:  1	File: fns_tinybrowser.php	Line: 244	
2012-12-27 12:44:45 (MSK)	8 Notice	Undefined offset:  0	File: fns_tinybrowser.php	Line: 340	
2012-12-27 12:45:20 (MSK)	8 Notice	Undefined offset:  1	File: fns_tinybrowser.php	Line: 244	
2012-12-27 12:45:20 (MSK)	8 Notice	Undefined offset:  0	File: fns_tinybrowser.php	Line: 340	
2012-12-27 12:45:45 (MSK)	8 Notice	Undefined offset:  1	File: fns_tinybrowser.php	Line: 244	
2012-12-27 12:45:45 (MSK)	8 Notice	Undefined offset:  0	File: fns_tinybrowser.php	Line: 340	
2012-12-27 12:46:13 (MSK)	8 Notice	Undefined offset:  1	File: fns_tinybrowser.php	Line: 244	
2012-12-27 12:46:13 (MSK)	8 Notice	Undefined offset:  0	File: fns_tinybrowser.php	Line: 340	
2012-12-27 12:46:31 (MSK)	8 Notice	Undefined offset:  1	File: fns_tinybrowser.php	Line: 244	
2012-12-27 12:46:31 (MSK)	8 Notice	Undefined offset:  0	File: fns_tinybrowser.php	Line: 340	
2012-12-27 12:46:59 (MSK)	8 Notice	Undefined offset:  1	File: fns_tinybrowser.php	Line: 244	
2012-12-27 12:46:59 (MSK)	8 Notice	Undefined offset:  0	File: fns_tinybrowser.php	Line: 340	
2012-12-27 12:47:30 (MSK)	8 Notice	Undefined offset:  1	File: fns_tinybrowser.php	Line: 244	
2012-12-27 12:47:30 (MSK)	8 Notice	Undefined offset:  0	File: fns_tinybrowser.php	Line: 340	
2012-12-27 12:49:35 (MSK)	8 Notice	Undefined offset:  1	File: fns_tinybrowser.php	Line: 244	
2012-12-27 12:49:35 (MSK)	8 Notice	Undefined offset:  0	File: fns_tinybrowser.php	Line: 340	
2012-12-27 12:49:55 (MSK)	8 Notice	Undefined offset:  1	File: fns_tinybrowser.php	Line: 244	
2012-12-27 12:49:55 (MSK)	8 Notice	Undefined offset:  0	File: fns_tinybrowser.php	Line: 340	
2012-12-27 12:51:05 (MSK)	8 Notice	Undefined offset:  1	File: fns_tinybrowser.php	Line: 244	
2012-12-27 12:51:05 (MSK)	8 Notice	Undefined offset:  0	File: fns_tinybrowser.php	Line: 340	
2012-12-27 12:51:09 (MSK)	8 Notice	Undefined offset:  1	File: fns_tinybrowser.php	Line: 244	
2012-12-27 12:51:10 (MSK)	8 Notice	Undefined offset:  0	File: fns_tinybrowser.php	Line: 340	
2012-12-27 12:51:19 (MSK)	8 Notice	Undefined offset:  1	File: fns_tinybrowser.php	Line: 244	
2012-12-27 12:51:19 (MSK)	8 Notice	Undefined offset:  0	File: fns_tinybrowser.php	Line: 340	
2012-12-27 12:51:22 (MSK)	8 Notice	Undefined offset:  1	File: fns_tinybrowser.php	Line: 244	
2012-12-27 12:51:22 (MSK)	8 Notice	Undefined offset:  0	File: fns_tinybrowser.php	Line: 340	
2012-12-27 12:52:10 (MSK)	8 Notice	Undefined offset:  1	File: fns_tinybrowser.php	Line: 244	
2012-12-27 12:52:10 (MSK)	8 Notice	Undefined offset:  0	File: fns_tinybrowser.php	Line: 340	
2012-12-27 12:52:30 (MSK)	8 Notice	Undefined offset:  1	File: fns_tinybrowser.php	Line: 244	
2012-12-27 12:52:30 (MSK)	8 Notice	Undefined offset:  0	File: fns_tinybrowser.php	Line: 340	
2012-12-27 12:52:43 (MSK)	8 Notice	Undefined offset:  1	File: fns_tinybrowser.php	Line: 244	
2012-12-27 12:52:43 (MSK)	8 Notice	Undefined offset:  0	File: fns_tinybrowser.php	Line: 340	
2012-12-27 12:53:08 (MSK)	8 Notice	Undefined offset:  1	File: fns_tinybrowser.php	Line: 244	
2012-12-27 12:53:08 (MSK)	8 Notice	Undefined offset:  0	File: fns_tinybrowser.php	Line: 340	
2012-12-27 12:54:33 (MSK)	8 Notice	Undefined offset:  1	File: fns_tinybrowser.php	Line: 244	
2012-12-27 12:54:33 (MSK)	8 Notice	Undefined offset:  0	File: fns_tinybrowser.php	Line: 340	
2012-12-27 12:54:50 (MSK)	8 Notice	Undefined offset:  1	File: fns_tinybrowser.php	Line: 244	
2012-12-27 12:54:50 (MSK)	8 Notice	Undefined offset:  0	File: fns_tinybrowser.php	Line: 340	
2012-12-27 12:54:56 (MSK)	8 Notice	Undefined offset:  1	File: fns_tinybrowser.php	Line: 244	
2012-12-27 12:54:56 (MSK)	8 Notice	Undefined offset:  0	File: fns_tinybrowser.php	Line: 340	
2012-12-27 12:55:35 (MSK)	8 Notice	Undefined offset:  1	File: fns_tinybrowser.php	Line: 244	
2012-12-27 12:55:35 (MSK)	8 Notice	Undefined offset:  0	File: fns_tinybrowser.php	Line: 340	
2012-12-27 12:56:08 (MSK)	8 Notice	Undefined offset:  1	File: fns_tinybrowser.php	Line: 244	
2012-12-27 12:56:08 (MSK)	8 Notice	Undefined offset:  0	File: fns_tinybrowser.php	Line: 340	
2012-12-27 12:56:28 (MSK)	8 Notice	Undefined offset:  1	File: fns_tinybrowser.php	Line: 244	
2012-12-27 12:56:28 (MSK)	8 Notice	Undefined offset:  0	File: fns_tinybrowser.php	Line: 340	
2012-12-27 12:56:54 (MSK)	8 Notice	Undefined offset:  1	File: fns_tinybrowser.php	Line: 244	
2012-12-27 12:56:54 (MSK)	8 Notice	Undefined offset:  0	File: fns_tinybrowser.php	Line: 340	
2012-12-27 12:57:21 (MSK)	8 Notice	Undefined offset:  1	File: fns_tinybrowser.php	Line: 244	
2012-12-27 12:57:21 (MSK)	8 Notice	Undefined offset:  0	File: fns_tinybrowser.php	Line: 340	
2012-12-27 13:05:03 (MSK)	8 Notice	Undefined offset:  1	File: fns_tinybrowser.php	Line: 244	
2012-12-27 13:05:03 (MSK)	8 Notice	Undefined offset:  0	File: fns_tinybrowser.php	Line: 340	
2012-12-27 13:05:29 (MSK)	8 Notice	Undefined offset:  1	File: fns_tinybrowser.php	Line: 244	
2012-12-27 13:05:29 (MSK)	8 Notice	Undefined offset:  0	File: fns_tinybrowser.php	Line: 340	
2012-12-27 13:05:53 (MSK)	8 Notice	Undefined offset:  1	File: fns_tinybrowser.php	Line: 244	
2012-12-27 13:05:53 (MSK)	8 Notice	Undefined offset:  0	File: fns_tinybrowser.php	Line: 340	
2012-12-27 13:06:21 (MSK)	8 Notice	Undefined offset:  1	File: fns_tinybrowser.php	Line: 244	
2012-12-27 13:06:21 (MSK)	8 Notice	Undefined offset:  0	File: fns_tinybrowser.php	Line: 340	
2012-12-27 13:06:43 (MSK)	8 Notice	Undefined offset:  1	File: fns_tinybrowser.php	Line: 244	
2012-12-27 13:06:43 (MSK)	8 Notice	Undefined offset:  0	File: fns_tinybrowser.php	Line: 340	
2012-12-27 13:07:08 (MSK)	8 Notice	Undefined offset:  1	File: fns_tinybrowser.php	Line: 244	
2012-12-27 13:07:09 (MSK)	8 Notice	Undefined offset:  0	File: fns_tinybrowser.php	Line: 340	
2012-12-27 13:07:33 (MSK)	8 Notice	Undefined offset:  1	File: fns_tinybrowser.php	Line: 244	
2012-12-27 13:07:33 (MSK)	8 Notice	Undefined offset:  0	File: fns_tinybrowser.php	Line: 340	
2012-12-27 13:08:09 (MSK)	8 Notice	Undefined offset:  1	File: fns_tinybrowser.php	Line: 244	
2012-12-27 13:08:09 (MSK)	8 Notice	Undefined offset:  0	File: fns_tinybrowser.php	Line: 340	
2012-12-27 13:08:29 (MSK)	8 Notice	Undefined offset:  1	File: fns_tinybrowser.php	Line: 244	
2012-12-27 13:08:29 (MSK)	8 Notice	Undefined offset:  0	File: fns_tinybrowser.php	Line: 340	
2012-12-27 13:08:53 (MSK)	8 Notice	Undefined offset:  1	File: fns_tinybrowser.php	Line: 244	
2012-12-27 13:08:53 (MSK)	8 Notice	Undefined offset:  0	File: fns_tinybrowser.php	Line: 340	
2012-12-27 13:09:16 (MSK)	8 Notice	Undefined offset:  1	File: fns_tinybrowser.php	Line: 244	
2012-12-27 13:09:16 (MSK)	8 Notice	Undefined offset:  0	File: fns_tinybrowser.php	Line: 340	
2012-12-28 13:30:13 (MSK)	8 Notice	Undefined offset:  1	File: fns_tinybrowser.php	Line: 244	
2012-12-28 13:30:13 (MSK)	8 Notice	Undefined offset:  0	File: fns_tinybrowser.php	Line: 340	
2012-12-28 13:30:58 (MSK)	8 Notice	Undefined offset:  1	File: fns_tinybrowser.php	Line: 244	
2012-12-28 13:30:58 (MSK)	8 Notice	Undefined offset:  0	File: fns_tinybrowser.php	Line: 340	
2012-12-28 13:33:25 (MSK)	8 Notice	Undefined offset:  1	File: fns_tinybrowser.php	Line: 244	
2012-12-28 13:33:25 (MSK)	8 Notice	Undefined offset:  0	File: fns_tinybrowser.php	Line: 340	
2012-12-28 13:33:30 (MSK)	8 Notice	Undefined offset:  1	File: fns_tinybrowser.php	Line: 244	
2012-12-28 13:33:30 (MSK)	8 Notice	Undefined offset:  0	File: fns_tinybrowser.php	Line: 340	
2012-12-28 13:33:35 (MSK)	8 Notice	Undefined offset:  1	File: fns_tinybrowser.php	Line: 244	
2012-12-28 13:33:35 (MSK)	8 Notice	Undefined offset:  0	File: fns_tinybrowser.php	Line: 340	
2012-12-28 13:34:00 (MSK)	8 Notice	Undefined offset:  1	File: fns_tinybrowser.php	Line: 244	
2012-12-28 13:34:00 (MSK)	8 Notice	Undefined offset:  0	File: fns_tinybrowser.php	Line: 340	
2012-12-28 13:45:05 (MSK)	8 Notice	Undefined offset:  1	File: fns_tinybrowser.php	Line: 244	
2012-12-28 13:45:05 (MSK)	8 Notice	Undefined offset:  0	File: fns_tinybrowser.php	Line: 340	
2012-12-28 13:45:47 (MSK)	8 Notice	Undefined offset:  1	File: fns_tinybrowser.php	Line: 244	
2012-12-28 13:45:47 (MSK)	8 Notice	Undefined offset:  0	File: fns_tinybrowser.php	Line: 340	
2012-12-28 13:45:49 (MSK)	8 Notice	Undefined offset:  1	File: fns_tinybrowser.php	Line: 244	
2012-12-28 13:45:49 (MSK)	8 Notice	Undefined offset:  0	File: fns_tinybrowser.php	Line: 340	
2012-12-28 13:47:01 (MSK)	8 Notice	Undefined offset:  1	File: fns_tinybrowser.php	Line: 244	
2012-12-28 13:47:01 (MSK)	8 Notice	Undefined offset:  0	File: fns_tinybrowser.php	Line: 340	
2012-12-28 13:47:16 (MSK)	8 Notice	Undefined offset:  1	File: fns_tinybrowser.php	Line: 244	
2012-12-28 13:47:16 (MSK)	8 Notice	Undefined offset:  0	File: fns_tinybrowser.php	Line: 340	
2012-12-28 13:48:54 (MSK)	8 Notice	Undefined offset:  1	File: fns_tinybrowser.php	Line: 244	
2012-12-28 13:48:54 (MSK)	8 Notice	Undefined offset:  0	File: fns_tinybrowser.php	Line: 340	
2012-12-28 13:48:56 (MSK)	8 Notice	Undefined offset:  1	File: fns_tinybrowser.php	Line: 244	
2012-12-28 13:48:56 (MSK)	8 Notice	Undefined offset:  0	File: fns_tinybrowser.php	Line: 340	
2012-12-28 13:49:05 (MSK)	8 Notice	Undefined offset:  1	File: fns_tinybrowser.php	Line: 244	
2012-12-28 13:49:05 (MSK)	8 Notice	Undefined offset:  0	File: fns_tinybrowser.php	Line: 340	
2012-12-28 13:49:19 (MSK)	8 Notice	Undefined offset:  1	File: fns_tinybrowser.php	Line: 244	
2012-12-28 13:49:19 (MSK)	8 Notice	Undefined offset:  0	File: fns_tinybrowser.php	Line: 340	
2012-12-28 13:49:32 (MSK)	8 Notice	Undefined offset:  1	File: fns_tinybrowser.php	Line: 244	
2012-12-28 13:49:32 (MSK)	8 Notice	Undefined offset:  0	File: fns_tinybrowser.php	Line: 340	
2013-01-16 12:13:45 (MSK)	8 Notice	Undefined offset:  1	File: fns_tinybrowser.php	Line: 244	
2013-01-16 12:13:45 (MSK)	8 Notice	Undefined offset:  0	File: fns_tinybrowser.php	Line: 340	
2013-01-17 12:34:47 (MSK)	8 Notice	Undefined offset:  1	File: fns_tinybrowser.php	Line: 244	
2013-01-17 12:34:47 (MSK)	8 Notice	Undefined offset:  0	File: fns_tinybrowser.php	Line: 340	
2013-01-17 12:37:10 (MSK)	8 Notice	Undefined offset:  1	File: fns_tinybrowser.php	Line: 244	
2013-01-17 12:37:10 (MSK)	8 Notice	Undefined offset:  0	File: fns_tinybrowser.php	Line: 340	
2013-01-17 12:37:20 (MSK)	8 Notice	Undefined offset:  1	File: fns_tinybrowser.php	Line: 244	
2013-01-17 12:37:20 (MSK)	8 Notice	Undefined offset:  0	File: fns_tinybrowser.php	Line: 340	
2013-01-17 12:37:46 (MSK)	8 Notice	Undefined offset:  1	File: fns_tinybrowser.php	Line: 244	
2013-01-17 12:37:46 (MSK)	8 Notice	Undefined offset:  0	File: fns_tinybrowser.php	Line: 340	
2013-01-17 12:37:51 (MSK)	8 Notice	Undefined offset:  1	File: fns_tinybrowser.php	Line: 244	
2013-01-17 12:37:51 (MSK)	8 Notice	Undefined offset:  0	File: fns_tinybrowser.php	Line: 340	
2013-01-17 12:38:29 (MSK)	8 Notice	Undefined offset:  1	File: fns_tinybrowser.php	Line: 244	
2013-01-17 12:38:29 (MSK)	8 Notice	Undefined offset:  0	File: fns_tinybrowser.php	Line: 340	
2013-01-17 12:38:59 (MSK)	8 Notice	Undefined offset:  1	File: fns_tinybrowser.php	Line: 244	
2013-01-17 12:38:59 (MSK)	8 Notice	Undefined offset:  0	File: fns_tinybrowser.php	Line: 340	
2013-01-17 12:39:37 (MSK)	8 Notice	Undefined offset:  1	File: fns_tinybrowser.php	Line: 244	
2013-01-17 12:39:37 (MSK)	8 Notice	Undefined offset:  0	File: fns_tinybrowser.php	Line: 340	
2013-01-17 12:39:39 (MSK)	8 Notice	Undefined offset:  1	File: fns_tinybrowser.php	Line: 244	
2013-01-17 12:39:39 (MSK)	8 Notice	Undefined offset:  0	File: fns_tinybrowser.php	Line: 340	
2013-01-17 12:40:05 (MSK)	8 Notice	Undefined offset:  1	File: fns_tinybrowser.php	Line: 244	
2013-01-17 12:40:05 (MSK)	8 Notice	Undefined offset:  0	File: fns_tinybrowser.php	Line: 340	
2013-01-17 12:40:08 (MSK)	8 Notice	Undefined offset:  1	File: fns_tinybrowser.php	Line: 244	
2013-01-17 12:40:08 (MSK)	8 Notice	Undefined offset:  0	File: fns_tinybrowser.php	Line: 340	
2013-01-18 15:01:55 (MSK)	8 Notice	Undefined offset:  1	File: fns_tinybrowser.php	Line: 244	
2013-01-18 15:01:55 (MSK)	8 Notice	Undefined offset:  0	File: fns_tinybrowser.php	Line: 340	
2013-01-18 15:02:07 (MSK)	8 Notice	Undefined offset:  1	File: fns_tinybrowser.php	Line: 244	
2013-01-18 15:02:07 (MSK)	8 Notice	Undefined offset:  0	File: fns_tinybrowser.php	Line: 340	
2013-01-18 15:02:19 (MSK)	8 Notice	Undefined offset:  1	File: fns_tinybrowser.php	Line: 244	
2013-01-18 15:02:19 (MSK)	8 Notice	Undefined offset:  0	File: fns_tinybrowser.php	Line: 340	
2013-01-18 15:02:35 (MSK)	8 Notice	Undefined offset:  1	File: fns_tinybrowser.php	Line: 244	
2013-01-18 15:02:35 (MSK)	8 Notice	Undefined offset:  0	File: fns_tinybrowser.php	Line: 340	
2013-01-18 15:02:48 (MSK)	8 Notice	Undefined offset:  1	File: fns_tinybrowser.php	Line: 244	
2013-01-18 15:02:48 (MSK)	8 Notice	Undefined offset:  0	File: fns_tinybrowser.php	Line: 340	
2013-01-18 15:02:59 (MSK)	8 Notice	Undefined offset:  1	File: fns_tinybrowser.php	Line: 244	
2013-01-18 15:02:59 (MSK)	8 Notice	Undefined offset:  0	File: fns_tinybrowser.php	Line: 340	
2013-01-21 07:21:46 (MSK)	8 Notice	Undefined offset:  1	File: fns_tinybrowser.php	Line: 244	
2013-01-21 07:21:46 (MSK)	8 Notice	Undefined offset:  0	File: fns_tinybrowser.php	Line: 340	
2013-01-21 07:21:52 (MSK)	8 Notice	Undefined offset:  1	File: fns_tinybrowser.php	Line: 244	
2013-01-21 07:21:52 (MSK)	8 Notice	Undefined offset:  0	File: fns_tinybrowser.php	Line: 340	
2013-01-21 07:21:57 (MSK)	8 Notice	Undefined offset:  1	File: fns_tinybrowser.php	Line: 244	
2013-01-21 07:21:57 (MSK)	8 Notice	Undefined offset:  0	File: fns_tinybrowser.php	Line: 340	
2013-01-21 07:22:22 (MSK)	8 Notice	Undefined offset:  1	File: fns_tinybrowser.php	Line: 244	
2013-01-21 07:22:22 (MSK)	8 Notice	Undefined offset:  0	File: fns_tinybrowser.php	Line: 340	
2013-01-21 07:22:27 (MSK)	8 Notice	Undefined offset:  1	File: fns_tinybrowser.php	Line: 244	
2013-01-21 07:22:27 (MSK)	8 Notice	Undefined offset:  0	File: fns_tinybrowser.php	Line: 340	
2013-01-21 07:37:44 (MSK)	8 Notice	Undefined offset:  1	File: fns_tinybrowser.php	Line: 244	
2013-01-21 07:37:44 (MSK)	8 Notice	Undefined offset:  0	File: fns_tinybrowser.php	Line: 340	
2013-01-21 07:38:12 (MSK)	8 Notice	Undefined offset:  1	File: fns_tinybrowser.php	Line: 244	
2013-01-21 07:38:12 (MSK)	8 Notice	Undefined offset:  0	File: fns_tinybrowser.php	Line: 340	
2013-01-21 07:38:35 (MSK)	8 Notice	Undefined offset:  1	File: fns_tinybrowser.php	Line: 244	
2013-01-21 07:38:35 (MSK)	8 Notice	Undefined offset:  0	File: fns_tinybrowser.php	Line: 340	
2013-01-21 07:38:40 (MSK)	8 Notice	Undefined offset:  1	File: fns_tinybrowser.php	Line: 244	
2013-01-21 07:38:40 (MSK)	8 Notice	Undefined offset:  0	File: fns_tinybrowser.php	Line: 340	
2013-01-21 07:38:54 (MSK)	8 Notice	Undefined offset:  1	File: fns_tinybrowser.php	Line: 244	
2013-01-21 07:38:54 (MSK)	8 Notice	Undefined offset:  0	File: fns_tinybrowser.php	Line: 340	
2013-01-21 07:47:01 (MSK)	8 Notice	Undefined offset:  1	File: fns_tinybrowser.php	Line: 244	
2013-01-21 07:47:01 (MSK)	8 Notice	Undefined offset:  0	File: fns_tinybrowser.php	Line: 340	
2013-01-21 07:47:10 (MSK)	8 Notice	Undefined offset:  1	File: fns_tinybrowser.php	Line: 244	
2013-01-21 07:47:10 (MSK)	8 Notice	Undefined offset:  0	File: fns_tinybrowser.php	Line: 340	
2013-01-21 07:47:15 (MSK)	8 Notice	Undefined offset:  1	File: fns_tinybrowser.php	Line: 244	
2013-01-21 07:47:15 (MSK)	8 Notice	Undefined offset:  0	File: fns_tinybrowser.php	Line: 340	
2013-01-21 07:48:52 (MSK)	8 Notice	Undefined offset:  1	File: fns_tinybrowser.php	Line: 244	
2013-01-21 07:48:52 (MSK)	8 Notice	Undefined offset:  0	File: fns_tinybrowser.php	Line: 340	
2013-01-21 07:49:05 (MSK)	8 Notice	Undefined offset:  1	File: fns_tinybrowser.php	Line: 244	
2013-01-21 07:49:05 (MSK)	8 Notice	Undefined offset:  0	File: fns_tinybrowser.php	Line: 340	
2013-01-21 12:59:11 (MSK)	8 Notice	Undefined offset:  1	File: fns_tinybrowser.php	Line: 244	
2013-01-21 12:59:11 (MSK)	8 Notice	Undefined offset:  0	File: fns_tinybrowser.php	Line: 340	
2013-01-21 12:59:27 (MSK)	8 Notice	Undefined offset:  1	File: fns_tinybrowser.php	Line: 244	
2013-01-21 12:59:27 (MSK)	8 Notice	Undefined offset:  0	File: fns_tinybrowser.php	Line: 340	
2013-01-21 12:59:34 (MSK)	8 Notice	Undefined offset:  1	File: fns_tinybrowser.php	Line: 244	
2013-01-21 12:59:34 (MSK)	8 Notice	Undefined offset:  0	File: fns_tinybrowser.php	Line: 340	
2013-01-21 12:59:44 (MSK)	8 Notice	Undefined offset:  1	File: fns_tinybrowser.php	Line: 244	
2013-01-21 12:59:44 (MSK)	8 Notice	Undefined offset:  0	File: fns_tinybrowser.php	Line: 340	
2013-01-21 12:59:53 (MSK)	8 Notice	Undefined offset:  1	File: fns_tinybrowser.php	Line: 244	
2013-01-21 12:59:53 (MSK)	8 Notice	Undefined offset:  0	File: fns_tinybrowser.php	Line: 340	
2013-01-21 13:00:09 (MSK)	8 Notice	Undefined offset:  1	File: fns_tinybrowser.php	Line: 244	
2013-01-21 13:00:09 (MSK)	8 Notice	Undefined offset:  0	File: fns_tinybrowser.php	Line: 340	
2013-01-21 13:11:45 (MSK)	8 Notice	Undefined offset:  1	File: fns_tinybrowser.php	Line: 244	
2013-01-21 13:11:45 (MSK)	8 Notice	Undefined offset:  0	File: fns_tinybrowser.php	Line: 340	
2013-01-21 13:11:47 (MSK)	8 Notice	Undefined offset:  1	File: fns_tinybrowser.php	Line: 244	
2013-01-21 13:11:47 (MSK)	8 Notice	Undefined offset:  0	File: fns_tinybrowser.php	Line: 340	
2013-01-21 13:11:58 (MSK)	8 Notice	Undefined offset:  1	File: fns_tinybrowser.php	Line: 244	
2013-01-21 13:11:58 (MSK)	8 Notice	Undefined offset:  0	File: fns_tinybrowser.php	Line: 340	
2013-01-21 13:12:15 (MSK)	8 Notice	Undefined offset:  1	File: fns_tinybrowser.php	Line: 244	
2013-01-21 13:12:15 (MSK)	8 Notice	Undefined offset:  0	File: fns_tinybrowser.php	Line: 340	
2013-01-21 13:12:29 (MSK)	8 Notice	Undefined offset:  1	File: fns_tinybrowser.php	Line: 244	
2013-01-21 13:12:29 (MSK)	8 Notice	Undefined offset:  0	File: fns_tinybrowser.php	Line: 340	
2013-01-21 13:13:16 (MSK)	8 Notice	Undefined offset:  1	File: fns_tinybrowser.php	Line: 244	
2013-01-21 13:13:16 (MSK)	8 Notice	Undefined offset:  0	File: fns_tinybrowser.php	Line: 340	
2013-01-21 13:13:20 (MSK)	8 Notice	Undefined offset:  1	File: fns_tinybrowser.php	Line: 244	
2013-01-21 13:13:20 (MSK)	8 Notice	Undefined offset:  0	File: fns_tinybrowser.php	Line: 340	
2013-01-21 13:13:29 (MSK)	8 Notice	Undefined offset:  1	File: fns_tinybrowser.php	Line: 244	
2013-01-21 13:13:29 (MSK)	8 Notice	Undefined offset:  0	File: fns_tinybrowser.php	Line: 340	
2013-01-21 13:13:49 (MSK)	8 Notice	Undefined offset:  1	File: fns_tinybrowser.php	Line: 244	
2013-01-21 13:13:49 (MSK)	8 Notice	Undefined offset:  0	File: fns_tinybrowser.php	Line: 340	
2013-01-22 07:38:00 (MSK)	8 Notice	Undefined offset:  1	File: fns_tinybrowser.php	Line: 244	
2013-01-22 07:38:00 (MSK)	8 Notice	Undefined offset:  0	File: fns_tinybrowser.php	Line: 340	
2013-01-22 07:38:04 (MSK)	8 Notice	Undefined offset:  1	File: fns_tinybrowser.php	Line: 244	
2013-01-22 07:38:04 (MSK)	8 Notice	Undefined offset:  0	File: fns_tinybrowser.php	Line: 340	
2013-01-22 07:38:13 (MSK)	8 Notice	Undefined offset:  1	File: fns_tinybrowser.php	Line: 244	
2013-01-22 07:38:13 (MSK)	8 Notice	Undefined offset:  0	File: fns_tinybrowser.php	Line: 340	
2013-01-22 07:38:35 (MSK)	8 Notice	Undefined offset:  1	File: fns_tinybrowser.php	Line: 244	
2013-01-22 07:38:35 (MSK)	8 Notice	Undefined offset:  0	File: fns_tinybrowser.php	Line: 340	
2013-01-22 07:38:57 (MSK)	8 Notice	Undefined offset:  1	File: fns_tinybrowser.php	Line: 244	
2013-01-22 07:38:57 (MSK)	8 Notice	Undefined offset:  0	File: fns_tinybrowser.php	Line: 340	
2013-02-18 14:29:54 (MSK)	8 Notice	Undefined offset:  1	File: fns_tinybrowser.php	Line: 244	
2013-02-18 14:29:54 (MSK)	8 Notice	Undefined offset:  0	File: fns_tinybrowser.php	Line: 340	
2013-02-18 14:33:05 (MSK)	8 Notice	Undefined offset:  1	File: fns_tinybrowser.php	Line: 244	
2013-02-18 14:33:05 (MSK)	8 Notice	Undefined offset:  0	File: fns_tinybrowser.php	Line: 340	
2013-02-18 14:33:40 (MSK)	8 Notice	Undefined offset:  1	File: fns_tinybrowser.php	Line: 244	
2013-02-18 14:33:40 (MSK)	8 Notice	Undefined offset:  0	File: fns_tinybrowser.php	Line: 340	
2013-02-18 14:33:45 (MSK)	8 Notice	Undefined offset:  1	File: fns_tinybrowser.php	Line: 244	
2013-02-18 14:33:45 (MSK)	8 Notice	Undefined offset:  0	File: fns_tinybrowser.php	Line: 340	
2013-02-18 14:39:21 (MSK)	8 Notice	Undefined offset:  1	File: fns_tinybrowser.php	Line: 244	
2013-02-18 14:39:21 (MSK)	8 Notice	Undefined offset:  0	File: fns_tinybrowser.php	Line: 340	
2013-02-18 14:39:31 (MSK)	8 Notice	Undefined offset:  1	File: fns_tinybrowser.php	Line: 244	
2013-02-18 14:39:31 (MSK)	8 Notice	Undefined offset:  0	File: fns_tinybrowser.php	Line: 340	
2013-02-18 14:39:49 (MSK)	8 Notice	Undefined offset:  1	File: fns_tinybrowser.php	Line: 244	
2013-02-18 14:39:49 (MSK)	8 Notice	Undefined offset:  0	File: fns_tinybrowser.php	Line: 340	
2013-02-18 14:40:04 (MSK)	8 Notice	Undefined offset:  1	File: fns_tinybrowser.php	Line: 244	
2013-02-18 14:40:04 (MSK)	8 Notice	Undefined offset:  0	File: fns_tinybrowser.php	Line: 340	
2013-02-19 08:21:54 (MSK)	8 Notice	Undefined offset:  1	File: fns_tinybrowser.php	Line: 244	
2013-02-19 08:21:54 (MSK)	8 Notice	Undefined offset:  0	File: fns_tinybrowser.php	Line: 340	
